<?xml version="1.0" encoding="UTF-8"?>
<testsuite xmlns:xsi="http://www.w3.org/2001/XMLSchema-instance" xsi:noNamespaceSchemaLocation="https://maven.apache.org/surefire/maven-surefire-plugin/xsd/surefire-test-report-3.0.xsd" version="3.0" name="generalstore.runners.Runner" time="52.482" tests="2" errors="0" skipped="0" failures="0">
  <properties>
[...]
</properties>
  <testcase name="TC01 | Pozitif Test" classname="General Store #1" time="26.423">
    <system-out><![CDATA[&amp#27;[35m[Appium]&amp#27;[39m Welcome to Appium v2.2.2
&amp#27;[35m[Appium]&amp#27;[39m Attempting to load driver uiautomator2...
&amp#27;[35m[Appium]&amp#27;[39m Requiring driver at C:\Users\aao\.appium\node_modules\appium-uiautomator2-driver
&amp#27;[35m[Appium]&amp#27;[39m Appium REST http interface listener started on http://0.0.0.0:4723
&amp#27;[35m[Appium]&amp#27;[39m You can provide the following URLs in your client code to connect to this server:
&amp#27;[35m[Appium]&amp#27;[39m 	http://192.168.1.8:4723/
&amp#27;[35m[Appium]&amp#27;[39m 	http://127.0.0.1:4723/ (only accessible from the same host)
&amp#27;[35m[Appium]&amp#27;[39m Available drivers:
&amp#27;[35m[Appium]&amp#27;[39m   - uiautomator2@2.34.1 (automationName 'UiAutomator2')
&amp#27;[35m[Appium]&amp#27;[39m No plugins have been installed. Use the "appium plugin" command to install the one(s) you want to use.
&amp#27;[38;5;0m[HTTP]&amp#27;[0m &amp#27;[37m-->&amp#27;[39m &amp#27;[37mGET&amp#27;[39m &amp#27;[37m/status&amp#27;[39m
&amp#27;[38;5;0m[HTTP]&amp#27;[0m &amp#27;[90m{}&amp#27;[39m
&amp#27;[38;5;16m[AppiumDriver@750a]&amp#27;[0m Calling AppiumDriver.getStatus() with args: []
&amp#27;[38;5;16m[AppiumDriver@750a]&amp#27;[0m Responding to client with driver.getStatus() result: {"ready":true,"message":"The server is ready to accept new connections","build":{"version":"2.2.2"}}
&amp#27;[38;5;0m[HTTP]&amp#27;[0m &amp#27;[37m<-- GET /status &amp#27;[39m&amp#27;[32m200&amp#27;[39m &amp#27;[90m10 ms - 110&amp#27;[39m
&amp#27;[38;5;0m[HTTP]&amp#27;[0m &amp#27;[90m&amp#27;[39m
&amp#27;[38;5;0m[HTTP]&amp#27;[0m Request idempotency key: d826cfe2-1ca4-46b6-a28d-e9ff60e348e9
&amp#27;[38;5;0m[HTTP]&amp#27;[0m &amp#27;[37m-->&amp#27;[39m &amp#27;[37mPOST&amp#27;[39m &amp#27;[37m/session&amp#27;[39m
&amp#27;[38;5;0m[HTTP]&amp#27;[0m &amp#27;[90m{"capabilities":{"firstMatch":[{}],"alwaysMatch":{"appium:app":"C:\\Users\\aao\\IdeaProjects\\AppiumUpskillsCucumberFramework_jdk11\\src\\test\\resources\\apps\\General-Store.apk","appium:automationName":"UIAutomator2","appium:noReset":false,"appium:uiautomator2ServerInstallTimeout":20000,"platformName":"ANDROID"}}}&amp#27;[39m
&amp#27;[38;5;16m[AppiumDriver@750a]&amp#27;[0m Calling AppiumDriver.createSession() with args: [null,null,{"firstMatch":[{}],"alwaysMatch":{"appium:app":"C:\\Users\\aao\\IdeaProjects\\AppiumUpskillsCucumberFramework_jdk11\\src\\test\\resources\\apps\\General-Store.apk","appium:automationName":"UIAutomator2","appium:noReset":false,"appium:uiautomator2ServerInstallTimeout":20000,"platformName":"ANDROID"}}]
&amp#27;[38;5;16m[AppiumDriver@750a]&amp#27;[0m Event 'newSessionRequested' logged at 1702668433139 (22:27:13 GMT+0300 (GMT+03:00))
&amp#27;[35m[Appium]&amp#27;[39m Attempting to find matching driver for automationName 'UIAutomator2' and platformName 'ANDROID'
&amp#27;[35m[Appium]&amp#27;[39m The 'uiautomator2' driver was installed and matched caps.
&amp#27;[35m[Appium]&amp#27;[39m Will require it at C:\Users\aao\.appium\node_modules\appium-uiautomator2-driver
&amp#27;[35m[Appium]&amp#27;[39m Requiring driver at C:\Users\aao\.appium\node_modules\appium-uiautomator2-driver
&amp#27;[38;5;16m[AppiumDriver@750a]&amp#27;[0m Appium v2.2.2 creating new AndroidUiautomator2Driver (v2.34.1) session
&amp#27;[38;5;16m[AppiumDriver@750a]&amp#27;[0m Checking BaseDriver versions for Appium and AndroidUiautomator2Driver
&amp#27;[38;5;16m[AppiumDriver@750a]&amp#27;[0m Appium's BaseDriver version is 9.4.2
&amp#27;[38;5;16m[AppiumDriver@750a]&amp#27;[0m AndroidUiautomator2Driver's BaseDriver version is 9.4.2
&amp#27;[38;5;32m[AndroidUiautomator2Driver@5f83]&amp#27;[0m Creating session with W3C capabilities: {
&amp#27;[38;5;32m[AndroidUiautomator2Driver@5f83]&amp#27;[0m   "alwaysMatch": {
&amp#27;[38;5;32m[AndroidUiautomator2Driver@5f83]&amp#27;[0m     "platformName": "ANDROID",
&amp#27;[38;5;32m[AndroidUiautomator2Driver@5f83]&amp#27;[0m     "appium:app": "C:\\Users\\aao\\IdeaProjects\\AppiumUpskillsCucumberFramework_jdk11\\src\\test\\resources\\apps\\General-Store.apk",
&amp#27;[38;5;32m[AndroidUiautomator2Driver@5f83]&amp#27;[0m     "appium:automationName": "UIAutomator2",
&amp#27;[38;5;32m[AndroidUiautomator2Driver@5f83]&amp#27;[0m     "appium:noReset": false,
&amp#27;[38;5;32m[AndroidUiautomator2Driver@5f83]&amp#27;[0m     "appium:uiautomator2ServerInstallTimeout": 20000
&amp#27;[38;5;32m[AndroidUiautomator2Driver@5f83]&amp#27;[0m   },
&amp#27;[38;5;32m[AndroidUiautomator2Driver@5f83]&amp#27;[0m   "firstMatch": [
&amp#27;[38;5;32m[AndroidUiautomator2Driver@5f83]&amp#27;[0m     {}
&amp#27;[38;5;32m[AndroidUiautomator2Driver@5f83]&amp#27;[0m   ]
&amp#27;[38;5;32m[AndroidUiautomator2Driver@5f83]&amp#27;[0m }
&amp#27;[38;5;32m[AndroidUiautomator2Driver@5f83 (7ff28d8e)]&amp#27;[0m Session created with session id: 7ff28d8e-c005-441b-a183-5c8556aeefae
&amp#27;[38;5;48m[BaseDriver]&amp#27;[0m Using local app 'C:\Users\aao\IdeaProjects\AppiumUpskillsCucumberFramework_jdk11\src\test\resources\apps\General-Store.apk'
&amp#27;[38;5;32m[AndroidUiautomator2Driver@5f83 (7ff28d8e)]&amp#27;[0m Checking whether app is actually present
&amp#27;[38;5;64m[ADB]&amp#27;[0m Found 3 'build-tools' folders under 'C:\Users\aao\AppData\Local\Android\Sdk' (newest first):
&amp#27;[38;5;64m[ADB]&amp#27;[0m     C:\Users\aao\AppData\Local\Android\Sdk\build-tools\34.0.0
&amp#27;[38;5;64m[ADB]&amp#27;[0m     C:\Users\aao\AppData\Local\Android\Sdk\build-tools\33.0.1
&amp#27;[38;5;64m[ADB]&amp#27;[0m     C:\Users\aao\AppData\Local\Android\Sdk\build-tools\30.0.3
&amp#27;[38;5;64m[ADB]&amp#27;[0m Using 'adb.exe' from 'C:\Users\aao\AppData\Local\Android\Sdk\platform-tools\adb.exe'
&amp#27;[38;5;64m[ADB]&amp#27;[0m Running 'C:\Users\aao\AppData\Local\Android\Sdk\platform-tools\adb.exe -P 5037 start-server'
&amp#27;[38;5;80m[AndroidDriver]&amp#27;[0m Retrieving device list
&amp#27;[38;5;64m[ADB]&amp#27;[0m Trying to find connected Android devices
&amp#27;[38;5;64m[ADB]&amp#27;[0m Getting connected devices
&amp#27;[38;5;64m[ADB]&amp#27;[0m Connected devices: [{"udid":"emulator-5554","state":"device"}]
&amp#27;[38;5;80m[AndroidDriver]&amp#27;[0m Using device: emulator-5554
&amp#27;[38;5;64m[ADB]&amp#27;[0m Using 'adb.exe' from 'C:\Users\aao\AppData\Local\Android\Sdk\platform-tools\adb.exe'
&amp#27;[38;5;64m[ADB]&amp#27;[0m Running 'C:\Users\aao\AppData\Local\Android\Sdk\platform-tools\adb.exe -P 5037 start-server'
&amp#27;[38;5;64m[ADB]&amp#27;[0m Setting device id to emulator-5554
&amp#27;[38;5;64m[ADB]&amp#27;[0m Running 'C:\Users\aao\AppData\Local\Android\Sdk\platform-tools\adb.exe -P 5037 -s emulator-5554 shell getprop ro.build.version.sdk'
&amp#27;[38;5;64m[ADB]&amp#27;[0m Current device property 'ro.build.version.sdk': 29
&amp#27;[38;5;64m[ADB]&amp#27;[0m Getting device platform version
&amp#27;[38;5;64m[ADB]&amp#27;[0m Running 'C:\Users\aao\AppData\Local\Android\Sdk\platform-tools\adb.exe -P 5037 -s emulator-5554 shell getprop ro.build.version.release'
&amp#27;[38;5;64m[ADB]&amp#27;[0m Current device property 'ro.build.version.release': 10
&amp#27;[38;5;64m[ADB]&amp#27;[0m Device API level: 29
&amp#27;[38;5;32m[AndroidUiautomator2Driver@5f83 (7ff28d8e)]&amp#27;[0m Relaxing hidden api policy
&amp#27;[38;5;64m[ADB]&amp#27;[0m Running 'C:\Users\aao\AppData\Local\Android\Sdk\platform-tools\adb.exe -P 5037 -s emulator-5554 shell 'settings put global hidden_api_policy_pre_p_apps 1;settings put global hidden_api_policy_p_apps 1;settings put global hidden_api_policy 1''
&amp#27;[38;5;80m[AndroidDriver]&amp#27;[0m Parsing package and activity from app manifest
&amp#27;[38;5;64m[ADB]&amp#27;[0m Package name: 'com.androidsample.generalstore'
&amp#27;[38;5;64m[ADB]&amp#27;[0m Main activity name: 'com.androidsample.generalstore.SplashActivity'
&amp#27;[38;5;80m[AndroidDriver]&amp#27;[0m Parsed package and activity are: com.androidsample.generalstore/com.androidsample.generalstore.SplashActivity
&amp#27;[38;5;64m[ADB]&amp#27;[0m Running 'C:\Users\aao\AppData\Local\Android\Sdk\platform-tools\adb.exe -P 5037 -s emulator-5554 wait-for-device'
&amp#27;[38;5;64m[ADB]&amp#27;[0m Running 'C:\Users\aao\AppData\Local\Android\Sdk\platform-tools\adb.exe -P 5037 -s emulator-5554 shell echo ping'
&amp#27;[38;5;80m[AndroidDriver]&amp#27;[0m Pushing settings apk to device...
&amp#27;[38;5;64m[ADB]&amp#27;[0m Getting package info for 'io.appium.settings'
&amp#27;[38;5;64m[ADB]&amp#27;[0m Running 'C:\Users\aao\AppData\Local\Android\Sdk\platform-tools\adb.exe -P 5037 -s emulator-5554 shell dumpsys package io.appium.settings'
&amp#27;[38;5;64m[ADB]&amp#27;[0m The version name of the installed 'io.appium.settings' is greater or equal to the application version name ('5.2.0' >= '5.2.0')
&amp#27;[38;5;64m[ADB]&amp#27;[0m There is no need to install/upgrade 'C:\Users\aao\.appium\node_modules\appium-uiautomator2-driver\node_modules\io.appium.settings\apks\settings_apk-debug.apk'
&amp#27;[38;5;64m[ADB]&amp#27;[0m Getting IDs of all 'io.appium.settings' processes
&amp#27;[38;5;64m[ADB]&amp#27;[0m Running 'C:\Users\aao\AppData\Local\Android\Sdk\platform-tools\adb.exe -P 5037 -s emulator-5554 shell 'pgrep --help; echo $?''
&amp#27;[38;5;64m[ADB]&amp#27;[0m Running 'C:\Users\aao\AppData\Local\Android\Sdk\platform-tools\adb.exe -P 5037 -s emulator-5554 shell pgrep -f \(\[\[:blank:\]\]\|\^\)io\.appium\.settings\(\[\[:blank:\]\]\|\$\)'
&amp#27;[38;5;80m[AndroidDriver]&amp#27;[0m io.appium.settings is already running. There is no need to reset its permissions.
&amp#27;[38;5;96m[Logcat]&amp#27;[0m Starting logs capture with command: C:\\Users\\aao\\AppData\\Local\\Android\\Sdk\\platform-tools\\adb.exe -P 5037 -s emulator-5554 logcat -v threadtime
&amp#27;[38;5;32m[AndroidUiautomator2Driver@5f83 (7ff28d8e)]&amp#27;[0m Forwarding UiAutomator2 Server port 6790 to local port 8201
&amp#27;[38;5;64m[ADB]&amp#27;[0m Forwarding system: 8201 to device: 6790
&amp#27;[38;5;64m[ADB]&amp#27;[0m Running 'C:\Users\aao\AppData\Local\Android\Sdk\platform-tools\adb.exe -P 5037 -s emulator-5554 forward tcp:8201 tcp:6790'
&amp#27;[38;5;64m[ADB]&amp#27;[0m Checking app cert for C:\Users\aao\.appium\node_modules\appium-uiautomator2-driver\node_modules\appium-uiautomator2-server\apks\appium-uiautomator2-server-v5.12.16.apk
&amp#27;[38;5;64m[ADB]&amp#27;[0m Checking app cert for C:\Users\aao\.appium\node_modules\appium-uiautomator2-driver\node_modules\appium-uiautomator2-server\apks\appium-uiautomator2-server-debug-androidTest.apk
&amp#27;[38;5;64m[ADB]&amp#27;[0m Using 'apksigner.jar' from 'C:\Users\aao\AppData\Local\Android\Sdk\build-tools\34.0.0\lib\apksigner.jar'
&amp#27;[38;5;64m[ADB]&amp#27;[0m Starting apksigner: 'C:\\Program Files\\Java\\jdk-11.0.17\\bin\\java.exe' -Xmx1024M -Xss1m -jar C:\\Users\\aao\\AppData\\Local\\Android\\Sdk\\build-tools\\34.0.0\\lib\\apksigner.jar verify --print-certs C:\\Users\\aao\\.appium\\node_modules\\appium-uiautomator2-driver\\node_modules\\appium-uiautomator2-server\\apks\\appium-uiautomator2-server-debug-androidTest.apk
&amp#27;[38;5;64m[ADB]&amp#27;[0m Starting apksigner: 'C:\\Program Files\\Java\\jdk-11.0.17\\bin\\java.exe' -Xmx1024M -Xss1m -jar C:\\Users\\aao\\AppData\\Local\\Android\\Sdk\\build-tools\\34.0.0\\lib\\apksigner.jar verify --print-certs C:\\Users\\aao\\.appium\\node_modules\\appium-uiautomator2-driver\\node_modules\\appium-uiautomator2-server\\apks\\appium-uiautomator2-server-v5.12.16.apk
&amp#27;[38;5;64m[ADB]&amp#27;[0m apksigner stdout: Signer #1 certificate DN: EMAILADDRESS=android@android.com, CN=Android, OU=Android, O=Android, L=Mountain View, ST=California, C=US
&amp#27;[38;5;64m[ADB]&amp#27;[0m Signer #1 certificate SHA-256 digest: a40da80a59d170caa950cf15c18c454d47a39b26989d8b640ecd745ba71bf5dc
&amp#27;[38;5;64m[ADB]&amp#27;[0m Signer #1 certificate SHA-1 digest: 61ed377e85d386a8dfee6b864bd85b0bfaa5af81
&amp#27;[38;5;64m[ADB]&amp#27;[0m Signer #1 certificate MD5 digest: e89b158e4bcf988ebd09eb83f5378e87
&amp#27;[38;5;64m[ADB]&amp#27;[0m 
&amp#27;[38;5;64m[ADB]&amp#27;[0m sha256 hash did match for 'appium-uiautomator2-server-debug-androidTest.apk'
&amp#27;[38;5;64m[ADB]&amp#27;[0m 'C:\Users\aao\.appium\node_modules\appium-uiautomator2-driver\node_modules\appium-uiautomator2-server\apks\appium-uiautomator2-server-debug-androidTest.apk' is signed with the default certificate
&amp#27;[38;5;64m[ADB]&amp#27;[0m Getting install status for io.appium.uiautomator2.server.test
&amp#27;[38;5;64m[ADB]&amp#27;[0m Running 'C:\Users\aao\AppData\Local\Android\Sdk\platform-tools\adb.exe -P 5037 -s emulator-5554 shell pm path io.appium.uiautomator2.server.test'
&amp#27;[38;5;64m[ADB]&amp#27;[0m 'io.appium.uiautomator2.server.test' is installed
&amp#27;[38;5;64m[ADB]&amp#27;[0m apksigner stdout: Signer #1 certificate DN: EMAILADDRESS=android@android.com, CN=Android, OU=Android, O=Android, L=Mountain View, ST=California, C=US
&amp#27;[38;5;64m[ADB]&amp#27;[0m Signer #1 certificate SHA-256 digest: a40da80a59d170caa950cf15c18c454d47a39b26989d8b640ecd745ba71bf5dc
&amp#27;[38;5;64m[ADB]&amp#27;[0m Signer #1 certificate SHA-1 digest: 61ed377e85d386a8dfee6b864bd85b0bfaa5af81
&amp#27;[38;5;64m[ADB]&amp#27;[0m Signer #1 certificate MD5 digest: e89b158e4bcf988ebd09eb83f5378e87
&amp#27;[38;5;64m[ADB]&amp#27;[0m 
&amp#27;[38;5;64m[ADB]&amp#27;[0m sha256 hash did match for 'appium-uiautomator2-server-v5.12.16.apk'
&amp#27;[38;5;64m[ADB]&amp#27;[0m 'C:\Users\aao\.appium\node_modules\appium-uiautomator2-driver\node_modules\appium-uiautomator2-server\apks\appium-uiautomator2-server-v5.12.16.apk' is signed with the default certificate
&amp#27;[38;5;64m[ADB]&amp#27;[0m Getting package info for 'io.appium.uiautomator2.server'
&amp#27;[38;5;64m[ADB]&amp#27;[0m Running 'C:\Users\aao\AppData\Local\Android\Sdk\platform-tools\adb.exe -P 5037 -s emulator-5554 shell dumpsys package io.appium.uiautomator2.server'
&amp#27;[38;5;64m[ADB]&amp#27;[0m The version name of the installed 'io.appium.uiautomator2.server' is greater or equal to the application version name ('5.12.16' >= '5.12.16')
&amp#27;[38;5;32m[AndroidUiautomator2Driver@5f83 (7ff28d8e)]&amp#27;[0m Server packages status: [{"wasSigned":true,"installState":"sameVersionInstalled","appPath":"C:\\Users\\aao\\.appium\\node_modules\\appium-uiautomator2-driver\\node_modules\\appium-uiautomator2-server\\apks\\appium-uiautomator2-server-v5.12.16.apk","appId":"io.appium.uiautomator2.server"},{"wasSigned":true,"installState":"sameVersionInstalled","appPath":"C:\\Users\\aao\\.appium\\node_modules\\appium-uiautomator2-driver\\node_modules\\appium-uiautomator2-server\\apks\\appium-uiautomator2-server-debug-androidTest.apk","appId":"io.appium.uiautomator2.server.test"}]
&amp#27;[38;5;32m[AndroidUiautomator2Driver@5f83 (7ff28d8e)]&amp#27;[0m Server packages are not going to be (re)installed
&amp#27;[38;5;32m[AndroidUiautomator2Driver@5f83 (7ff28d8e)]&amp#27;[0m Waiting up to 30000ms for services to be available
&amp#27;[38;5;64m[ADB]&amp#27;[0m Running 'C:\Users\aao\AppData\Local\Android\Sdk\platform-tools\adb.exe -P 5037 -s emulator-5554 shell pm list instrumentation'
&amp#27;[38;5;32m[AndroidUiautomator2Driver@5f83 (7ff28d8e)]&amp#27;[0m Instrumentation target 'io.appium.uiautomator2.server.test/androidx.test.runner.AndroidJUnitRunner' is available
&amp#27;[38;5;64m[ADB]&amp#27;[0m Adding packages ["io.appium.settings","io.appium.uiautomator2.server","io.appium.uiautomator2.server.test"] to Doze whitelist
&amp#27;[38;5;64m[ADB]&amp#27;[0m Got the following command chunks to execute: [["dumpsys","deviceidle","whitelist","+io.appium.settings",";","dumpsys","deviceidle","whitelist","+io.appium.uiautomator2.server",";","dumpsys","deviceidle","whitelist","+io.appium.uiautomator2.server.test",";"]]
&amp#27;[38;5;64m[ADB]&amp#27;[0m Running 'C:\Users\aao\AppData\Local\Android\Sdk\platform-tools\adb.exe -P 5037 -s emulator-5554 shell dumpsys deviceidle whitelist +io.appium.settings ; dumpsys deviceidle whitelist +io.appium.uiautomator2.server ; dumpsys deviceidle whitelist +io.appium.uiautomator2.server.test ;'
&amp#27;[38;5;64m[ADB]&amp#27;[0m Checking app cert for C:\Users\aao\IdeaProjects\AppiumUpskillsCucumberFramework_jdk11\src\test\resources\apps\General-Store.apk
&amp#27;[38;5;64m[ADB]&amp#27;[0m Starting apksigner: 'C:\\Program Files\\Java\\jdk-11.0.17\\bin\\java.exe' -Xmx1024M -Xss1m -jar C:\\Users\\aao\\AppData\\Local\\Android\\Sdk\\build-tools\\34.0.0\\lib\\apksigner.jar verify --print-certs C:\\Users\\aao\\IdeaProjects\\AppiumUpskillsCucumberFramework_jdk11\\src\\test\\resources\\apps\\General-Store.apk
&amp#27;[38;5;64m[ADB]&amp#27;[0m apksigner stdout: Signer #1 certificate DN: EMAILADDRESS=android@android.com, CN=Android, OU=Android, O=Android, L=Mountain View, ST=California, C=US
&amp#27;[38;5;64m[ADB]&amp#27;[0m Signer #1 certificate SHA-256 digest: a40da80a59d170caa950cf15c18c454d47a39b26989d8b640ecd745ba71bf5dc
&amp#27;[38;5;64m[ADB]&amp#27;[0m Signer #1 certificate SHA-1 digest: 61ed377e85d386a8dfee6b864bd85b0bfaa5af81
&amp#27;[38;5;64m[ADB]&amp#27;[0m Signer #1 certificate MD5 digest: e89b158e4bcf988ebd09eb83f5378e87
&amp#27;[38;5;64m[ADB]&amp#27;[0m 
&amp#27;[38;5;64m[ADB]&amp#27;[0m sha256 hash did match for 'General-Store.apk'
&amp#27;[38;5;64m[ADB]&amp#27;[0m 'C:\Users\aao\IdeaProjects\AppiumUpskillsCucumberFramework_jdk11\src\test\resources\apps\General-Store.apk' is signed with the default certificate
&amp#27;[38;5;64m[ADB]&amp#27;[0m Getting package info for 'com.androidsample.generalstore'
&amp#27;[38;5;64m[ADB]&amp#27;[0m Running 'C:\Users\aao\AppData\Local\Android\Sdk\platform-tools\adb.exe -P 5037 -s emulator-5554 shell dumpsys package com.androidsample.generalstore'
&amp#27;[38;5;64m[ADB]&amp#27;[0m The version name of the installed 'com.androidsample.generalstore' is greater or equal to the application version name ('1.0.0' >= '1.0.0')
&amp#27;[38;5;64m[ADB]&amp#27;[0m There is no need to install/upgrade 'C:\Users\aao\IdeaProjects\AppiumUpskillsCucumberFramework_jdk11\src\test\resources\apps\General-Store.apk'
&amp#27;[38;5;80m[AndroidDriver]&amp#27;[0m Performing fast reset on 'com.androidsample.generalstore'
&amp#27;[38;5;64m[ADB]&amp#27;[0m Getting install status for com.androidsample.generalstore
&amp#27;[38;5;64m[ADB]&amp#27;[0m Running 'C:\Users\aao\AppData\Local\Android\Sdk\platform-tools\adb.exe -P 5037 -s emulator-5554 shell pm path com.androidsample.generalstore'
&amp#27;[38;5;64m[ADB]&amp#27;[0m 'com.androidsample.generalstore' is installed
&amp#27;[38;5;64m[ADB]&amp#27;[0m Running 'C:\Users\aao\AppData\Local\Android\Sdk\platform-tools\adb.exe -P 5037 -s emulator-5554 shell am force-stop com.androidsample.generalstore'
&amp#27;[38;5;64m[ADB]&amp#27;[0m Running 'C:\Users\aao\AppData\Local\Android\Sdk\platform-tools\adb.exe -P 5037 -s emulator-5554 shell pm clear com.androidsample.generalstore'
&amp#27;[38;5;80m[AndroidDriver]&amp#27;[0m Performed fast reset on the installed 'com.androidsample.generalstore' application (stop and clear)
&amp#27;[38;5;32m[AndroidUiautomator2Driver@5f83 (7ff28d8e)]&amp#27;[0m Performing shallow cleanup of automation leftovers
&amp#27;[38;5;32m[AndroidUiautomator2Driver@5f83 (7ff28d8e)]&amp#27;[0m No obsolete sessions have been detected (socket hang up)
&amp#27;[38;5;64m[ADB]&amp#27;[0m Running 'C:\Users\aao\AppData\Local\Android\Sdk\platform-tools\adb.exe -P 5037 -s emulator-5554 shell am force-stop io.appium.uiautomator2.server.test'
&amp#27;[38;5;32m[AndroidUiautomator2Driver@5f83 (7ff28d8e)]&amp#27;[0m Starting UIAutomator2 server 5.12.16
&amp#27;[38;5;32m[AndroidUiautomator2Driver@5f83 (7ff28d8e)]&amp#27;[0m Using UIAutomator2 server from 'C:\Users\aao\.appium\node_modules\appium-uiautomator2-driver\node_modules\appium-uiautomator2-server\apks\appium-uiautomator2-server-v5.12.16.apk' and test from 'C:\Users\aao\.appium\node_modules\appium-uiautomator2-driver\node_modules\appium-uiautomator2-server\apks\appium-uiautomator2-server-debug-androidTest.apk'
&amp#27;[38;5;32m[AndroidUiautomator2Driver@5f83 (7ff28d8e)]&amp#27;[0m Waiting up to 30000ms for UiAutomator2 to be online...
&amp#27;[38;5;64m[ADB]&amp#27;[0m Creating ADB subprocess with args: ["-P","5037","-s","emulator-5554","shell","am","instrument","-w","-e","disableAnalytics","true","io.appium.uiautomator2.server.test/androidx.test.runner.AndroidJUnitRunner"]
&amp#27;[38;5;32m[AndroidUiautomator2Driver@5f83 (7ff28d8e)]&amp#27;[0m Matched '/status' to command name 'getStatus'
&amp#27;[38;5;32m[AndroidUiautomator2Driver@5f83 (7ff28d8e)]&amp#27;[0m Proxying [GET /status] to [GET http://127.0.0.1:8201/status] with no body
&amp#27;[38;5;32m[AndroidUiautomator2Driver@5f83 (7ff28d8e)]&amp#27;[0m socket hang up
&amp#27;[38;5;32m[AndroidUiautomator2Driver@5f83 (7ff28d8e)]&amp#27;[0m Matched '/status' to command name 'getStatus'
&amp#27;[38;5;32m[AndroidUiautomator2Driver@5f83 (7ff28d8e)]&amp#27;[0m Proxying [GET /status] to [GET http://127.0.0.1:8201/status] with no body
&amp#27;[38;5;32m[AndroidUiautomator2Driver@5f83 (7ff28d8e)]&amp#27;[0m socket hang up
&amp#27;[38;5;32m[AndroidUiautomator2Driver@5f83 (7ff28d8e)]&amp#27;[0m Matched '/status' to command name 'getStatus'
&amp#27;[38;5;32m[AndroidUiautomator2Driver@5f83 (7ff28d8e)]&amp#27;[0m Proxying [GET /status] to [GET http://127.0.0.1:8201/status] with no body
&amp#27;[38;5;32m[AndroidUiautomator2Driver@5f83 (7ff28d8e)]&amp#27;[0m socket hang up
&amp#27;[38;5;112m[Instrumentation]&amp#27;[0m io.appium.uiautomator2.server.test.AppiumUiAutomator2Server:
&amp#27;[38;5;32m[AndroidUiautomator2Driver@5f83 (7ff28d8e)]&amp#27;[0m Matched '/status' to command name 'getStatus'
&amp#27;[38;5;32m[AndroidUiautomator2Driver@5f83 (7ff28d8e)]&amp#27;[0m Proxying [GET /status] to [GET http://127.0.0.1:8201/status] with no body
&amp#27;[38;5;32m[AndroidUiautomator2Driver@5f83 (7ff28d8e)]&amp#27;[0m socket hang up
&amp#27;[38;5;32m[AndroidUiautomator2Driver@5f83 (7ff28d8e)]&amp#27;[0m Matched '/status' to command name 'getStatus'
&amp#27;[38;5;32m[AndroidUiautomator2Driver@5f83 (7ff28d8e)]&amp#27;[0m Proxying [GET /status] to [GET http://127.0.0.1:8201/status] with no body
&amp#27;[38;5;32m[AndroidUiautomator2Driver@5f83 (7ff28d8e)]&amp#27;[0m Got response with status 200: {"sessionId":"None","value":{"message":"UiAutomator2 Server is ready to accept commands","ready":true}}
&amp#27;[38;5;32m[AndroidUiautomator2Driver@5f83 (7ff28d8e)]&amp#27;[0m The initialization of the instrumentation process took 4352ms
&amp#27;[38;5;32m[AndroidUiautomator2Driver@5f83 (7ff28d8e)]&amp#27;[0m Matched '/session' to command name 'createSession'
&amp#27;[38;5;32m[AndroidUiautomator2Driver@5f83 (7ff28d8e)]&amp#27;[0m Proxying [POST /session] to [POST http://127.0.0.1:8201/session] with body: {"capabilities":{"firstMatch":[{"platformName":"ANDROID","app":"C:\\Users\\aao\\IdeaProjects\\AppiumUpskillsCucumberFramework_jdk11\\src\\test\\resources\\apps\\General-Store.apk","automationName":"UIAutomator2","noReset":false,"uiautomator2ServerInstallTimeout":20000,"platform":"LINUX","webStorageEnabled":false,"takesScreenshot":true,"javascriptEnabled":true,"databaseEnabled":false,"networkConnectionEnabled":true,"locationContextEnabled":false,"warnings":{},"desired":{"platformName":"ANDROID","app":"C:\\Users\\aao\\IdeaProjects\\AppiumUpskillsCucumberFramework_jdk11\\src\\test\\resources\\apps\\General-Store.apk","automationName":"UIAutomator2","noReset":false,"uiautomator2ServerInstallTimeout":20000},"deviceName":"emulator-5554","deviceUDID":"emulator-5554","appPackage":"com.androidsample.generalstore"}],"alwaysMatch":{}}}
&amp#27;[38;5;32m[AndroidUiautomator2Driver@5f83 (7ff28d8e)]&amp#27;[0m Got response with status 200: {"sessionId":"7cfc23a4-5c63-4197-8a21-0080b563bd3e","value":{"capabilities":{"firstMatch":[{"platformName":"ANDROID","app":"C:\\Users\\aao\\IdeaProjects\\AppiumUpskillsCucumberFramework_jdk11\\src\\test\\resources\\apps\\General-Store.apk","automationName":"UIAutomator2","noReset":false,"uiautomator2ServerInstallTimeout":20000,"platform":"LINUX","webStorageEnabled":false,"takesScreenshot":true,"javascriptEnabled":true,"databaseEnabled":false,"networkConnectionEnabled":true,"locationContextEnabled":false,"warnings":{},"desired":{"platformName":"ANDROID","app":"C:\\Users\\aao\\IdeaProjects\\AppiumUpskillsCucumberFramework_jdk11\\src\\test\\resources\\apps\\General-Store.apk","automationName":"UIAutomator2","noReset":false,"uiautomator2ServerInstallTimeout":20000},"deviceName":"emulator-5554","deviceUDID":"emulator-5554","appPackage":"com.androidsample.generalstore"}],"alwaysMatch":{}},"sessionId":"7cfc23a4-5c63-4197-8a21-0080b563bd3e"}}
&amp#27;[38;5;32m[AndroidUiautomator2Driver@5f83 (7ff28d8e)]&amp#27;[0m Determined the downstream protocol as 'W3C'
&amp#27;[38;5;32m[AndroidUiautomator2Driver@5f83 (7ff28d8e)]&amp#27;[0m Proxying [GET /appium/device/pixel_ratio] to [GET http://127.0.0.1:8201/session/7cfc23a4-5c63-4197-8a21-0080b563bd3e/appium/device/pixel_ratio] with no body
&amp#27;[38;5;32m[AndroidUiautomator2Driver@5f83 (7ff28d8e)]&amp#27;[0m Matched '/appium/device/system_bars' to command name 'getSystemBars'
&amp#27;[38;5;32m[AndroidUiautomator2Driver@5f83 (7ff28d8e)]&amp#27;[0m Proxying [GET /appium/device/system_bars] to [GET http://127.0.0.1:8201/session/7cfc23a4-5c63-4197-8a21-0080b563bd3e/appium/device/system_bars] with no body
&amp#27;[38;5;32m[AndroidUiautomator2Driver@5f83 (7ff28d8e)]&amp#27;[0m Matched '/window/current/size' to command name 'getWindowSize'
&amp#27;[38;5;32m[AndroidUiautomator2Driver@5f83 (7ff28d8e)]&amp#27;[0m Proxying [GET /window/current/size] to [GET http://127.0.0.1:8201/session/7cfc23a4-5c63-4197-8a21-0080b563bd3e/window/current/size] with no body
&amp#27;[38;5;32m[AndroidUiautomator2Driver@5f83 (7ff28d8e)]&amp#27;[0m Proxying [GET /appium/device/info] to [GET http://127.0.0.1:8201/session/7cfc23a4-5c63-4197-8a21-0080b563bd3e/appium/device/info] with no body
&amp#27;[38;5;64m[ADB]&amp#27;[0m Running 'C:\Users\aao\AppData\Local\Android\Sdk\platform-tools\adb.exe -P 5037 -s emulator-5554 shell dumpsys window'
&amp#27;[38;5;32m[AndroidUiautomator2Driver@5f83 (7ff28d8e)]&amp#27;[0m Got response with status 200: {"sessionId":"7cfc23a4-5c63-4197-8a21-0080b563bd3e","value":3.5}
&amp#27;[38;5;32m[AndroidUiautomator2Driver@5f83 (7ff28d8e)]&amp#27;[0m Got response with status 200: {"sessionId":"7cfc23a4-5c63-4197-8a21-0080b563bd3e","value":{"statusBar":84}}
&amp#27;[38;5;32m[AndroidUiautomator2Driver@5f83 (7ff28d8e)]&amp#27;[0m Got response with status 200: {"sessionId":"7cfc23a4-5c63-4197-8a21-0080b563bd3e","value":{"height":2952,"width":1440}}
&amp#27;[38;5;80m[AndroidDriver]&amp#27;[0m Screen already unlocked, doing nothing
&amp#27;[38;5;32m[AndroidUiautomator2Driver@5f83 (7ff28d8e)]&amp#27;[0m Starting 'com.androidsample.generalstore/com.androidsample.generalstore.SplashActivity and waiting for 'com.androidsample.generalstore/com.androidsample.generalstore.SplashActivity'
&amp#27;[38;5;64m[ADB]&amp#27;[0m Running 'C:\Users\aao\AppData\Local\Android\Sdk\platform-tools\adb.exe -P 5037 -s emulator-5554 shell am start -W -n com.androidsample.generalstore/com.androidsample.generalstore.SplashActivity -S -a android.intent.action.MAIN -c android.intent.category.LAUNCHER -f 0x10200000'
&amp#27;[38;5;32m[AndroidUiautomator2Driver@5f83 (7ff28d8e)]&amp#27;[0m Got response with status 200: {"sessionId":"7cfc23a4-5c63-4197-8a21-0080b563bd3e","value":{"androidId":"abe9b827a6a981dd","apiVersion":"29","bluetooth":null,"brand":"google","carrierName":"Android","displayDensity":560,"locale":"en_US","manufacturer":"Google","model":"Android SDK built for x86","networks":[{"capabilities":{"SSID":null,"linkDownBandwidthKbps":102400,"linkUpstreamBandwidthKbps":51200,"networkCapabilities":"NET_CAPABILITY_MMS,NET_CAPABILITY_SUPL,NET_CAPABILITY_DUN,NET_CAPABILITY_FOTA,NET_CAPABILITY_IMS,NET_CAPABILITY_CBS,NET_CAPABILITY_INTERNET,NET_CAPABILITY_NOT_RESTRICTED,NET_CAPABILITY_TRUSTED,NET_CAPABILITY_NOT_VPN,NET_CAPABILITY_VALIDATED,NET_CAPABILITY_NOT_ROAMING,NET_CAPABILITY_NOT_CONGESTED,NET_CAPABILITY_NOT_SUSPENDED","signalStrength":-2147483648,"transportTypes":"TRANSPORT_CELLULAR"},"detailedState":"CONNECTED","extraInfo":"epc.tmobile.com","isAvailable":true,"isConnected":true,"isFailover":false,"isRoaming":false,"state":"CONNECTED","subtype":13,"subtypeName":"LTE","type":0,"typeName":"MOBILE"},{"capabilities"...
&amp#27;[38;5;64m[ADB]&amp#27;[0m Waiting up to 20000ms for activity matching pkg: 'com.androidsample.generalstore' and activity: 'com.androidsample.generalstore.SplashActivity' to be focused
&amp#27;[38;5;64m[ADB]&amp#27;[0m Possible activities, to be checked: 'com.androidsample.generalstore.SplashActivity', 'com.androidsample.generalstore.com.androidsample.generalstore.SplashActivity'
&amp#27;[38;5;64m[ADB]&amp#27;[0m Getting focused package and activity
&amp#27;[38;5;64m[ADB]&amp#27;[0m Running 'C:\Users\aao\AppData\Local\Android\Sdk\platform-tools\adb.exe -P 5037 -s emulator-5554 shell dumpsys window displays'
&amp#27;[38;5;64m[ADB]&amp#27;[0m Found package: 'com.androidsample.generalstore' and fully qualified activity name : 'com.androidsample.generalstore.SplashActivity'
&amp#27;[38;5;16m[AppiumDriver@750a]&amp#27;[0m New AndroidUiautomator2Driver session created successfully, session 7ff28d8e-c005-441b-a183-5c8556aeefae added to master session list
&amp#27;[38;5;16m[AppiumDriver@750a]&amp#27;[0m Event 'newSessionStarted' logged at 1702668444143 (22:27:24 GMT+0300 (GMT+03:00))
&amp#27;[38;5;32m[AndroidUiautomator2Driver@5f83 (7ff28d8e)]&amp#27;[0m Cached the protocol value 'W3C' for the new session 7ff28d8e-c005-441b-a183-5c8556aeefae
&amp#27;[38;5;32m[AndroidUiautomator2Driver@5f83 (7ff28d8e)]&amp#27;[0m Responding to client with driver.createSession() result: {"capabilities":{"platformName":"ANDROID","app":"C:\\Users\\aao\\IdeaProjects\\AppiumUpskillsCucumberFramework_jdk11\\src\\test\\resources\\apps\\General-Store.apk","automationName":"UIAutomator2","noReset":false,"uiautomator2ServerInstallTimeout":20000,"platform":"LINUX","webStorageEnabled":false,"takesScreenshot":true,"javascriptEnabled":true,"databaseEnabled":false,"networkConnectionEnabled":true,"locationContextEnabled":false,"warnings":{},"desired":{"platformName":"ANDROID","app":"C:\\Users\\aao\\IdeaProjects\\AppiumUpskillsCucumberFramework_jdk11\\src\\test\\resources\\apps\\General-Store.apk","automationName":"UIAutomator2","noReset":false,"uiautomator2ServerInstallTimeout":20000},"deviceName":"emulator-5554","deviceUDID":"emulator-5554","appPackage":"com.androidsample.generalstore","pixelRatio":"3.5","statBarHeight":84,"viewportRect":{"left":0,"top":84,"width":1440,"height":2868},"deviceApiLevel":29,"platformVersion":"10","deviceManufacturer":"Google","deviceModel":"Android SDK built for x86","devi...
&amp#27;[38;5;0m[HTTP]&amp#27;[0m &amp#27;[37m<-- POST /session &amp#27;[39m&amp#27;[32m200&amp#27;[39m &amp#27;[90m11009 ms - 1135&amp#27;[39m
&amp#27;[38;5;0m[HTTP]&amp#27;[0m &amp#27;[90m&amp#27;[39m
&amp#27;[38;5;0m[HTTP]&amp#27;[0m &amp#27;[37m-->&amp#27;[39m &amp#27;[37mPOST&amp#27;[39m &amp#27;[37m/session/7ff28d8e-c005-441b-a183-5c8556aeefae/timeouts&amp#27;[39m
&amp#27;[38;5;0m[HTTP]&amp#27;[0m &amp#27;[90m{"implicit":15000}&amp#27;[39m
&amp#27;[38;5;32m[AndroidUiautomator2Driver@5f83 (7ff28d8e)]&amp#27;[0m Calling AppiumDriver.timeouts() with args: [null,null,null,null,15000,"7ff28d8e-c005-441b-a183-5c8556aeefae"]
&amp#27;[38;5;32m[AndroidUiautomator2Driver@5f83 (7ff28d8e)]&amp#27;[0m W3C timeout argument: {"implicit":15000}}
&amp#27;[38;5;32m[AndroidUiautomator2Driver@5f83 (7ff28d8e)]&amp#27;[0m Set implicit wait to 15000ms
&amp#27;[38;5;32m[AndroidUiautomator2Driver@5f83 (7ff28d8e)]&amp#27;[0m Responding to client with driver.timeouts() result: null
&amp#27;[38;5;0m[HTTP]&amp#27;[0m &amp#27;[37m<-- POST /session/7ff28d8e-c005-441b-a183-5c8556aeefae/timeouts &amp#27;[39m&amp#27;[32m200&amp#27;[39m &amp#27;[90m7 ms - 14&amp#27;[39m
&amp#27;[38;5;0m[HTTP]&amp#27;[0m &amp#27;[90m&amp#27;[39m
&amp#27;[38;5;0m[HTTP]&amp#27;[0m &amp#27;[37m-->&amp#27;[39m &amp#27;[37mPOST&amp#27;[39m &amp#27;[37m/session/7ff28d8e-c005-441b-a183-5c8556aeefae/execute/sync&amp#27;[39m
&amp#27;[38;5;0m[HTTP]&amp#27;[0m &amp#27;[90m{"script":"mobile: activateApp","args":[{"bundleId":"com.androidsample.generalstore","appId":"com.androidsample.generalstore"}]}&amp#27;[39m
&amp#27;[38;5;32m[AndroidUiautomator2Driver@5f83 (7ff28d8e)]&amp#27;[0m Calling AppiumDriver.execute() with args: ["mobile: activateApp",[{"bundleId":"com.androidsample.generalstore","appId":"com.androidsample.generalstore"}],"7ff28d8e-c005-441b-a183-5c8556aeefae"]
&amp#27;[38;5;32m[AndroidUiautomator2Driver@5f83 (7ff28d8e)]&amp#27;[0m Executing method 'mobile: activateApp'
&amp#27;[38;5;32m[AndroidUiautomator2Driver@5f83 (7ff28d8e)]&amp#27;[0m Activating 'com.androidsample.generalstore'
&amp#27;[38;5;64m[ADB]&amp#27;[0m Running 'C:\Users\aao\AppData\Local\Android\Sdk\platform-tools\adb.exe -P 5037 -s emulator-5554 shell cmd package resolve-activity --brief com.androidsample.generalstore'
&amp#27;[38;5;64m[ADB]&amp#27;[0m Running 'C:\Users\aao\AppData\Local\Android\Sdk\platform-tools\adb.exe -P 5037 -s emulator-5554 shell am start-activity -a android.intent.action.MAIN -c android.intent.category.LAUNCHER -f 0x10200000 -n com.androidsample.generalstore/.SplashActivity'
&amp#27;[38;5;32m[AndroidUiautomator2Driver@5f83 (7ff28d8e)]&amp#27;[0m Starting: Intent { act=android.intent.action.MAIN cat=[android.intent.category.LAUNCHER] flg=0x10200000 cmp=com.androidsample.generalstore/.SplashActivity }
&amp#27;[38;5;32m[AndroidUiautomator2Driver@5f83 (7ff28d8e)]&amp#27;[0m Responding to client with driver.execute() result: null
&amp#27;[38;5;0m[HTTP]&amp#27;[0m &amp#27;[37m<-- POST /session/7ff28d8e-c005-441b-a183-5c8556aeefae/execute/sync &amp#27;[39m&amp#27;[32m200&amp#27;[39m &amp#27;[90m185 ms - 14&amp#27;[39m
&amp#27;[38;5;0m[HTTP]&amp#27;[0m &amp#27;[90m&amp#27;[39m
&amp#27;[38;5;0m[HTTP]&amp#27;[0m &amp#27;[37m-->&amp#27;[39m &amp#27;[37mGET&amp#27;[39m &amp#27;[37m/session/7ff28d8e-c005-441b-a183-5c8556aeefae/context&amp#27;[39m
&amp#27;[38;5;0m[HTTP]&amp#27;[0m &amp#27;[90m{}&amp#27;[39m
&amp#27;[38;5;32m[AndroidUiautomator2Driver@5f83 (7ff28d8e)]&amp#27;[0m Calling AppiumDriver.getCurrentContext() with args: ["7ff28d8e-c005-441b-a183-5c8556aeefae"]
&amp#27;[38;5;32m[AndroidUiautomator2Driver@5f83 (7ff28d8e)]&amp#27;[0m Responding to client with driver.getCurrentContext() result: "NATIVE_APP"
&amp#27;[38;5;0m[HTTP]&amp#27;[0m &amp#27;[37m<-- GET /session/7ff28d8e-c005-441b-a183-5c8556aeefae/context &amp#27;[39m&amp#27;[32m200&amp#27;[39m &amp#27;[90m6 ms - 22&amp#27;[39m
&amp#27;[38;5;0m[HTTP]&amp#27;[0m &amp#27;[90m&amp#27;[39m
&amp#27;[38;5;0m[HTTP]&amp#27;[0m &amp#27;[37m-->&amp#27;[39m &amp#27;[37mPOST&amp#27;[39m &amp#27;[37m/session/7ff28d8e-c005-441b-a183-5c8556aeefae/element&amp#27;[39m
&amp#27;[38;5;0m[HTTP]&amp#27;[0m &amp#27;[90m{"using":"id","value":"com.androidsample.generalstore:id/spinnerCountry"}&amp#27;[39m
&amp#27;[38;5;32m[AndroidUiautomator2Driver@5f83 (7ff28d8e)]&amp#27;[0m Calling AppiumDriver.findElement() with args: ["id","com.androidsample.generalstore:id/spinnerCountry","7ff28d8e-c005-441b-a183-5c8556aeefae"]
&amp#27;[38;5;32m[AndroidUiautomator2Driver@5f83 (7ff28d8e)]&amp#27;[0m Valid locator strategies for this request: xpath, id, class name, accessibility id, css selector, -android uiautomator
&amp#27;[38;5;32m[AndroidUiautomator2Driver@5f83 (7ff28d8e)]&amp#27;[0m Waiting up to 15000 ms for condition
&amp#27;[38;5;32m[AndroidUiautomator2Driver@5f83 (7ff28d8e)]&amp#27;[0m Matched '/element' to command name 'findElement'
&amp#27;[38;5;32m[AndroidUiautomator2Driver@5f83 (7ff28d8e)]&amp#27;[0m Proxying [POST /element] to [POST http://127.0.0.1:8201/session/7cfc23a4-5c63-4197-8a21-0080b563bd3e/element] with body: {"strategy":"id","selector":"com.androidsample.generalstore:id/spinnerCountry","context":"","multiple":false}
&amp#27;[38;5;32m[AndroidUiautomator2Driver@5f83 (7ff28d8e)]&amp#27;[0m Got response with status 404: {"sessionId":"7cfc23a4-5c63-4197-8a21-0080b563bd3e","value":{"error":"no such element","message":"An element could not be located on the page using the given search parameters","stacktrace":"io.appium.uiautomator2.common.exceptions.ElementNotFoundException: An element could not be located on the page using the given search parameters\n\tat io.appium.uiautomator2.handler.FindElement.safeHandle(FindElement.java:63)\n\tat io.appium.uiautomator2.handler.request.SafeRequestHandler.handle(SafeRequestHandler.java:59)\n\tat io.appium.uiautomator2.server.AppiumServlet.handleRequest(AppiumServlet.java:277)\n\tat io.appium.uiautomator2.server.AppiumServlet.handleHttpRequest(AppiumServlet.java:271)\n\tat io.appium.uiautomator2.http.ServerHandler.channelRead(ServerHandler.java:77)\n\tat io.netty.channel.AbstractChannelHandlerContext.invokeChannelRead(AbstractChannelHandlerContext.java:366)\n\tat io.netty.channel.AbstractChannelHandlerContext.invokeChannelRead(AbstractChannelHandlerContext.java:352)\n\tat io.netty.chann...
&amp#27;[38;5;128m[W3C]&amp#27;[0m Matched W3C error code 'no such element' to NoSuchElementError
&amp#27;[38;5;32m[AndroidUiautomator2Driver@5f83 (7ff28d8e)]&amp#27;[0m Waited for 63 ms so far
&amp#27;[38;5;32m[AndroidUiautomator2Driver@5f83 (7ff28d8e)]&amp#27;[0m Matched '/element' to command name 'findElement'
&amp#27;[38;5;32m[AndroidUiautomator2Driver@5f83 (7ff28d8e)]&amp#27;[0m Proxying [POST /element] to [POST http://127.0.0.1:8201/session/7cfc23a4-5c63-4197-8a21-0080b563bd3e/element] with body: {"strategy":"id","selector":"com.androidsample.generalstore:id/spinnerCountry","context":"","multiple":false}
&amp#27;[38;5;32m[AndroidUiautomator2Driver@5f83 (7ff28d8e)]&amp#27;[0m Got response with status 404: {"sessionId":"7cfc23a4-5c63-4197-8a21-0080b563bd3e","value":{"error":"no such element","message":"An element could not be located on the page using the given search parameters","stacktrace":"io.appium.uiautomator2.common.exceptions.ElementNotFoundException: An element could not be located on the page using the given search parameters\n\tat io.appium.uiautomator2.handler.FindElement.safeHandle(FindElement.java:63)\n\tat io.appium.uiautomator2.handler.request.SafeRequestHandler.handle(SafeRequestHandler.java:59)\n\tat io.appium.uiautomator2.server.AppiumServlet.handleRequest(AppiumServlet.java:277)\n\tat io.appium.uiautomator2.server.AppiumServlet.handleHttpRequest(AppiumServlet.java:271)\n\tat io.appium.uiautomator2.http.ServerHandler.channelRead(ServerHandler.java:77)\n\tat io.netty.channel.AbstractChannelHandlerContext.invokeChannelRead(AbstractChannelHandlerContext.java:366)\n\tat io.netty.channel.AbstractChannelHandlerContext.invokeChannelRead(AbstractChannelHandlerContext.java:352)\n\tat io.netty.chann...
&amp#27;[38;5;128m[W3C]&amp#27;[0m Matched W3C error code 'no such element' to NoSuchElementError
&amp#27;[38;5;32m[AndroidUiautomator2Driver@5f83 (7ff28d8e)]&amp#27;[0m Waited for 588 ms so far
&amp#27;[38;5;32m[AndroidUiautomator2Driver@5f83 (7ff28d8e)]&amp#27;[0m Matched '/element' to command name 'findElement'
&amp#27;[38;5;32m[AndroidUiautomator2Driver@5f83 (7ff28d8e)]&amp#27;[0m Proxying [POST /element] to [POST http://127.0.0.1:8201/session/7cfc23a4-5c63-4197-8a21-0080b563bd3e/element] with body: {"strategy":"id","selector":"com.androidsample.generalstore:id/spinnerCountry","context":"","multiple":false}
&amp#27;[38;5;32m[AndroidUiautomator2Driver@5f83 (7ff28d8e)]&amp#27;[0m Got response with status 404: {"sessionId":"7cfc23a4-5c63-4197-8a21-0080b563bd3e","value":{"error":"no such element","message":"An element could not be located on the page using the given search parameters","stacktrace":"io.appium.uiautomator2.common.exceptions.ElementNotFoundException: An element could not be located on the page using the given search parameters\n\tat io.appium.uiautomator2.handler.FindElement.safeHandle(FindElement.java:63)\n\tat io.appium.uiautomator2.handler.request.SafeRequestHandler.handle(SafeRequestHandler.java:59)\n\tat io.appium.uiautomator2.server.AppiumServlet.handleRequest(AppiumServlet.java:277)\n\tat io.appium.uiautomator2.server.AppiumServlet.handleHttpRequest(AppiumServlet.java:271)\n\tat io.appium.uiautomator2.http.ServerHandler.channelRead(ServerHandler.java:77)\n\tat io.netty.channel.AbstractChannelHandlerContext.invokeChannelRead(AbstractChannelHandlerContext.java:366)\n\tat io.netty.channel.AbstractChannelHandlerContext.invokeChannelRead(AbstractChannelHandlerContext.java:352)\n\tat io.netty.chann...
&amp#27;[38;5;128m[W3C]&amp#27;[0m Matched W3C error code 'no such element' to NoSuchElementError
&amp#27;[38;5;32m[AndroidUiautomator2Driver@5f83 (7ff28d8e)]&amp#27;[0m Waited for 1312 ms so far
&amp#27;[38;5;32m[AndroidUiautomator2Driver@5f83 (7ff28d8e)]&amp#27;[0m Matched '/element' to command name 'findElement'
&amp#27;[38;5;32m[AndroidUiautomator2Driver@5f83 (7ff28d8e)]&amp#27;[0m Proxying [POST /element] to [POST http://127.0.0.1:8201/session/7cfc23a4-5c63-4197-8a21-0080b563bd3e/element] with body: {"strategy":"id","selector":"com.androidsample.generalstore:id/spinnerCountry","context":"","multiple":false}
&amp#27;[38;5;32m[AndroidUiautomator2Driver@5f83 (7ff28d8e)]&amp#27;[0m Got response with status 200: {"sessionId":"7cfc23a4-5c63-4197-8a21-0080b563bd3e","value":{"ELEMENT":"00000000-0000-0007-ffff-ffff0000001a","element-6066-11e4-a52e-4f735466cecf":"00000000-0000-0007-ffff-ffff0000001a"}}
&amp#27;[38;5;32m[AndroidUiautomator2Driver@5f83 (7ff28d8e)]&amp#27;[0m Responding to client with driver.findElement() result: {"element-6066-11e4-a52e-4f735466cecf":"00000000-0000-0007-ffff-ffff0000001a","ELEMENT":"00000000-0000-0007-ffff-ffff0000001a"}
&amp#27;[38;5;0m[HTTP]&amp#27;[0m &amp#27;[37m<-- POST /session/7ff28d8e-c005-441b-a183-5c8556aeefae/element &amp#27;[39m&amp#27;[32m200&amp#27;[39m &amp#27;[90m1969 ms - 137&amp#27;[39m
&amp#27;[38;5;0m[HTTP]&amp#27;[0m &amp#27;[90m&amp#27;[39m
&amp#27;[38;5;0m[HTTP]&amp#27;[0m &amp#27;[37m-->&amp#27;[39m &amp#27;[37mPOST&amp#27;[39m &amp#27;[37m/session/7ff28d8e-c005-441b-a183-5c8556aeefae/element/00000000-0000-0007-ffff-ffff0000001a/click&amp#27;[39m
&amp#27;[38;5;0m[HTTP]&amp#27;[0m &amp#27;[90m{"id":"00000000-0000-0007-ffff-ffff0000001a"}&amp#27;[39m
&amp#27;[38;5;32m[AndroidUiautomator2Driver@5f83 (7ff28d8e)]&amp#27;[0m Calling AppiumDriver.click() with args: ["00000000-0000-0007-ffff-ffff0000001a","7ff28d8e-c005-441b-a183-5c8556aeefae"]
&amp#27;[38;5;32m[AndroidUiautomator2Driver@5f83 (7ff28d8e)]&amp#27;[0m Matched '/element/00000000-0000-0007-ffff-ffff0000001a/click' to command name 'click'
&amp#27;[38;5;32m[AndroidUiautomator2Driver@5f83 (7ff28d8e)]&amp#27;[0m Proxying [POST /element/00000000-0000-0007-ffff-ffff0000001a/click] to [POST http://127.0.0.1:8201/session/7cfc23a4-5c63-4197-8a21-0080b563bd3e/element/00000000-0000-0007-ffff-ffff0000001a/click] with body: {"element":"00000000-0000-0007-ffff-ffff0000001a"}
&amp#27;[38;5;32m[AndroidUiautomator2Driver@5f83 (7ff28d8e)]&amp#27;[0m Got response with status 200: {"sessionId":"7cfc23a4-5c63-4197-8a21-0080b563bd3e","value":null}
&amp#27;[38;5;32m[AndroidUiautomator2Driver@5f83 (7ff28d8e)]&amp#27;[0m Responding to client with driver.click() result: null
&amp#27;[38;5;0m[HTTP]&amp#27;[0m &amp#27;[37m<-- POST /session/7ff28d8e-c005-441b-a183-5c8556aeefae/element/00000000-0000-0007-ffff-ffff0000001a/click &amp#27;[39m&amp#27;[32m200&amp#27;[39m &amp#27;[90m116 ms - 14&amp#27;[39m
&amp#27;[38;5;0m[HTTP]&amp#27;[0m &amp#27;[90m&amp#27;[39m
&amp#27;[38;5;0m[HTTP]&amp#27;[0m &amp#27;[37m-->&amp#27;[39m &amp#27;[37mPOST&amp#27;[39m &amp#27;[37m/session/7ff28d8e-c005-441b-a183-5c8556aeefae/element&amp#27;[39m
&amp#27;[38;5;0m[HTTP]&amp#27;[0m &amp#27;[90m{"using":"-android uiautomator","value":"new UiScrollable(new UiSelector()).scrollIntoView(text(\"Austria\"))"}&amp#27;[39m
&amp#27;[38;5;32m[AndroidUiautomator2Driver@5f83 (7ff28d8e)]&amp#27;[0m Calling AppiumDriver.findElement() with args: ["-android uiautomator","new UiScrollable(new UiSelector()).scrollIntoView(text(\"Austria\"))","7ff28d8e-c005-441b-a183-5c8556aeefae"]
&amp#27;[38;5;32m[AndroidUiautomator2Driver@5f83 (7ff28d8e)]&amp#27;[0m Valid locator strategies for this request: xpath, id, class name, accessibility id, css selector, -android uiautomator
&amp#27;[38;5;32m[AndroidUiautomator2Driver@5f83 (7ff28d8e)]&amp#27;[0m Waiting up to 15000 ms for condition
&amp#27;[38;5;32m[AndroidUiautomator2Driver@5f83 (7ff28d8e)]&amp#27;[0m Matched '/element' to command name 'findElement'
&amp#27;[38;5;32m[AndroidUiautomator2Driver@5f83 (7ff28d8e)]&amp#27;[0m Proxying [POST /element] to [POST http://127.0.0.1:8201/session/7cfc23a4-5c63-4197-8a21-0080b563bd3e/element] with body: {"strategy":"-android uiautomator","selector":"new UiScrollable(new UiSelector()).scrollIntoView(text(\"Austria\"))","context":"","multiple":false}
&amp#27;[38;5;32m[AndroidUiautomator2Driver@5f83 (7ff28d8e)]&amp#27;[0m Got response with status 200: {"sessionId":"7cfc23a4-5c63-4197-8a21-0080b563bd3e","value":{"ELEMENT":"00000000-0000-0008-ffff-ffff0000002b","element-6066-11e4-a52e-4f735466cecf":"00000000-0000-0008-ffff-ffff0000002b"}}
&amp#27;[38;5;32m[AndroidUiautomator2Driver@5f83 (7ff28d8e)]&amp#27;[0m Responding to client with driver.findElement() result: {"element-6066-11e4-a52e-4f735466cecf":"00000000-0000-0008-ffff-ffff0000002b","ELEMENT":"00000000-0000-0008-ffff-ffff0000002b"}
&amp#27;[38;5;0m[HTTP]&amp#27;[0m &amp#27;[37m<-- POST /session/7ff28d8e-c005-441b-a183-5c8556aeefae/element &amp#27;[39m&amp#27;[32m200&amp#27;[39m &amp#27;[90m4595 ms - 137&amp#27;[39m
&amp#27;[38;5;0m[HTTP]&amp#27;[0m &amp#27;[90m&amp#27;[39m
&amp#27;[38;5;0m[HTTP]&amp#27;[0m &amp#27;[37m-->&amp#27;[39m &amp#27;[37mPOST&amp#27;[39m &amp#27;[37m/session/7ff28d8e-c005-441b-a183-5c8556aeefae/element&amp#27;[39m
&amp#27;[38;5;0m[HTTP]&amp#27;[0m &amp#27;[90m{"using":"xpath","value":"//android.widget.TextView[@text=\"Austria\"]"}&amp#27;[39m
&amp#27;[38;5;32m[AndroidUiautomator2Driver@5f83 (7ff28d8e)]&amp#27;[0m Calling AppiumDriver.findElement() with args: ["xpath","//android.widget.TextView[@text=\"Austria\"]","7ff28d8e-c005-441b-a183-5c8556aeefae"]
&amp#27;[38;5;32m[AndroidUiautomator2Driver@5f83 (7ff28d8e)]&amp#27;[0m Valid locator strategies for this request: xpath, id, class name, accessibility id, css selector, -android uiautomator
&amp#27;[38;5;32m[AndroidUiautomator2Driver@5f83 (7ff28d8e)]&amp#27;[0m Waiting up to 15000 ms for condition
&amp#27;[38;5;32m[AndroidUiautomator2Driver@5f83 (7ff28d8e)]&amp#27;[0m Matched '/element' to command name 'findElement'
&amp#27;[38;5;32m[AndroidUiautomator2Driver@5f83 (7ff28d8e)]&amp#27;[0m Proxying [POST /element] to [POST http://127.0.0.1:8201/session/7cfc23a4-5c63-4197-8a21-0080b563bd3e/element] with body: {"strategy":"xpath","selector":"//android.widget.TextView[@text=\"Austria\"]","context":"","multiple":false}
&amp#27;[38;5;32m[AndroidUiautomator2Driver@5f83 (7ff28d8e)]&amp#27;[0m Got response with status 200: {"sessionId":"7cfc23a4-5c63-4197-8a21-0080b563bd3e","value":{"ELEMENT":"00000000-0000-0008-ffff-ffff0000002b","element-6066-11e4-a52e-4f735466cecf":"00000000-0000-0008-ffff-ffff0000002b"}}
&amp#27;[38;5;32m[AndroidUiautomator2Driver@5f83 (7ff28d8e)]&amp#27;[0m Responding to client with driver.findElement() result: {"element-6066-11e4-a52e-4f735466cecf":"00000000-0000-0008-ffff-ffff0000002b","ELEMENT":"00000000-0000-0008-ffff-ffff0000002b"}
&amp#27;[38;5;0m[HTTP]&amp#27;[0m &amp#27;[37m<-- POST /session/7ff28d8e-c005-441b-a183-5c8556aeefae/element &amp#27;[39m&amp#27;[32m200&amp#27;[39m &amp#27;[90m786 ms - 137&amp#27;[39m
&amp#27;[38;5;0m[HTTP]&amp#27;[0m &amp#27;[90m&amp#27;[39m
&amp#27;[38;5;0m[HTTP]&amp#27;[0m &amp#27;[37m-->&amp#27;[39m &amp#27;[37mPOST&amp#27;[39m &amp#27;[37m/session/7ff28d8e-c005-441b-a183-5c8556aeefae/element/00000000-0000-0008-ffff-ffff0000002b/click&amp#27;[39m
&amp#27;[38;5;0m[HTTP]&amp#27;[0m &amp#27;[90m{"id":"00000000-0000-0008-ffff-ffff0000002b"}&amp#27;[39m
&amp#27;[38;5;32m[AndroidUiautomator2Driver@5f83 (7ff28d8e)]&amp#27;[0m Calling AppiumDriver.click() with args: ["00000000-0000-0008-ffff-ffff0000002b","7ff28d8e-c005-441b-a183-5c8556aeefae"]
&amp#27;[38;5;32m[AndroidUiautomator2Driver@5f83 (7ff28d8e)]&amp#27;[0m Matched '/element/00000000-0000-0008-ffff-ffff0000002b/click' to command name 'click'
&amp#27;[38;5;32m[AndroidUiautomator2Driver@5f83 (7ff28d8e)]&amp#27;[0m Proxying [POST /element/00000000-0000-0008-ffff-ffff0000002b/click] to [POST http://127.0.0.1:8201/session/7cfc23a4-5c63-4197-8a21-0080b563bd3e/element/00000000-0000-0008-ffff-ffff0000002b/click] with body: {"element":"00000000-0000-0008-ffff-ffff0000002b"}
&amp#27;[38;5;32m[AndroidUiautomator2Driver@5f83 (7ff28d8e)]&amp#27;[0m Got response with status 200: {"sessionId":"7cfc23a4-5c63-4197-8a21-0080b563bd3e","value":null}
&amp#27;[38;5;32m[AndroidUiautomator2Driver@5f83 (7ff28d8e)]&amp#27;[0m Responding to client with driver.click() result: null
&amp#27;[38;5;0m[HTTP]&amp#27;[0m &amp#27;[37m<-- POST /session/7ff28d8e-c005-441b-a183-5c8556aeefae/element/00000000-0000-0008-ffff-ffff0000002b/click &amp#27;[39m&amp#27;[32m200&amp#27;[39m &amp#27;[90m664 ms - 14&amp#27;[39m
&amp#27;[38;5;0m[HTTP]&amp#27;[0m &amp#27;[90m&amp#27;[39m
&amp#27;[38;5;0m[HTTP]&amp#27;[0m &amp#27;[37m-->&amp#27;[39m &amp#27;[37mGET&amp#27;[39m &amp#27;[37m/session/7ff28d8e-c005-441b-a183-5c8556aeefae/context&amp#27;[39m
&amp#27;[38;5;0m[HTTP]&amp#27;[0m &amp#27;[90m{}&amp#27;[39m
&amp#27;[38;5;32m[AndroidUiautomator2Driver@5f83 (7ff28d8e)]&amp#27;[0m Calling AppiumDriver.getCurrentContext() with args: ["7ff28d8e-c005-441b-a183-5c8556aeefae"]
&amp#27;[38;5;32m[AndroidUiautomator2Driver@5f83 (7ff28d8e)]&amp#27;[0m Responding to client with driver.getCurrentContext() result: "NATIVE_APP"
&amp#27;[38;5;0m[HTTP]&amp#27;[0m &amp#27;[37m<-- GET /session/7ff28d8e-c005-441b-a183-5c8556aeefae/context &amp#27;[39m&amp#27;[32m200&amp#27;[39m &amp#27;[90m4 ms - 22&amp#27;[39m
&amp#27;[38;5;0m[HTTP]&amp#27;[0m &amp#27;[90m&amp#27;[39m
&amp#27;[38;5;0m[HTTP]&amp#27;[0m &amp#27;[37m-->&amp#27;[39m &amp#27;[37mPOST&amp#27;[39m &amp#27;[37m/session/7ff28d8e-c005-441b-a183-5c8556aeefae/element&amp#27;[39m
&amp#27;[38;5;0m[HTTP]&amp#27;[0m &amp#27;[90m{"using":"id","value":"com.androidsample.generalstore:id/nameField"}&amp#27;[39m
&amp#27;[38;5;32m[AndroidUiautomator2Driver@5f83 (7ff28d8e)]&amp#27;[0m Calling AppiumDriver.findElement() with args: ["id","com.androidsample.generalstore:id/nameField","7ff28d8e-c005-441b-a183-5c8556aeefae"]
&amp#27;[38;5;32m[AndroidUiautomator2Driver@5f83 (7ff28d8e)]&amp#27;[0m Valid locator strategies for this request: xpath, id, class name, accessibility id, css selector, -android uiautomator
&amp#27;[38;5;32m[AndroidUiautomator2Driver@5f83 (7ff28d8e)]&amp#27;[0m Waiting up to 15000 ms for condition
&amp#27;[38;5;32m[AndroidUiautomator2Driver@5f83 (7ff28d8e)]&amp#27;[0m Matched '/element' to command name 'findElement'
&amp#27;[38;5;32m[AndroidUiautomator2Driver@5f83 (7ff28d8e)]&amp#27;[0m Proxying [POST /element] to [POST http://127.0.0.1:8201/session/7cfc23a4-5c63-4197-8a21-0080b563bd3e/element] with body: {"strategy":"id","selector":"com.androidsample.generalstore:id/nameField","context":"","multiple":false}
&amp#27;[38;5;32m[AndroidUiautomator2Driver@5f83 (7ff28d8e)]&amp#27;[0m Got response with status 200: {"sessionId":"7cfc23a4-5c63-4197-8a21-0080b563bd3e","value":{"ELEMENT":"00000000-0000-0007-ffff-ffff0000001c","element-6066-11e4-a52e-4f735466cecf":"00000000-0000-0007-ffff-ffff0000001c"}}
&amp#27;[38;5;32m[AndroidUiautomator2Driver@5f83 (7ff28d8e)]&amp#27;[0m Responding to client with driver.findElement() result: {"element-6066-11e4-a52e-4f735466cecf":"00000000-0000-0007-ffff-ffff0000001c","ELEMENT":"00000000-0000-0007-ffff-ffff0000001c"}
&amp#27;[38;5;0m[HTTP]&amp#27;[0m &amp#27;[37m<-- POST /session/7ff28d8e-c005-441b-a183-5c8556aeefae/element &amp#27;[39m&amp#27;[32m200&amp#27;[39m &amp#27;[90m27 ms - 137&amp#27;[39m
&amp#27;[38;5;0m[HTTP]&amp#27;[0m &amp#27;[90m&amp#27;[39m
&amp#27;[38;5;0m[HTTP]&amp#27;[0m &amp#27;[37m-->&amp#27;[39m &amp#27;[37mPOST&amp#27;[39m &amp#27;[37m/session/7ff28d8e-c005-441b-a183-5c8556aeefae/element/00000000-0000-0007-ffff-ffff0000001c/value&amp#27;[39m
&amp#27;[38;5;0m[HTTP]&amp#27;[0m &amp#27;[90m{"id":"00000000-0000-0007-ffff-ffff0000001c","text":"Safinaz","value":["S","a","f","i","n","a","z"]}&amp#27;[39m
&amp#27;[38;5;32m[AndroidUiautomator2Driver@5f83 (7ff28d8e)]&amp#27;[0m Calling AppiumDriver.setValue() with args: [["S","a","f","i","n","a","z"],"00000000-0000-0007-ffff-ffff0000001c","7ff28d8e-c005-441b-a183-5c8556aeefae"]
&amp#27;[38;5;32m[AndroidUiautomator2Driver@5f83 (7ff28d8e)]&amp#27;[0m Matched '/element/00000000-0000-0007-ffff-ffff0000001c/value' to command name 'setValue'
&amp#27;[38;5;32m[AndroidUiautomator2Driver@5f83 (7ff28d8e)]&amp#27;[0m Added 'value' property ["S","a","f","i","n","a","z"] to 'setValue' request body
&amp#27;[38;5;32m[AndroidUiautomator2Driver@5f83 (7ff28d8e)]&amp#27;[0m Proxying [POST /element/00000000-0000-0007-ffff-ffff0000001c/value] to [POST http://127.0.0.1:8201/session/7cfc23a4-5c63-4197-8a21-0080b563bd3e/element/00000000-0000-0007-ffff-ffff0000001c/value] with body: {"elementId":"00000000-0000-0007-ffff-ffff0000001c","text":"Safinaz","replace":false,"value":["S","a","f","i","n","a","z"]}
&amp#27;[38;5;32m[AndroidUiautomator2Driver@5f83 (7ff28d8e)]&amp#27;[0m Got response with status 200: {"sessionId":"7cfc23a4-5c63-4197-8a21-0080b563bd3e","value":null}
&amp#27;[38;5;32m[AndroidUiautomator2Driver@5f83 (7ff28d8e)]&amp#27;[0m Responding to client with driver.setValue() result: null
&amp#27;[38;5;0m[HTTP]&amp#27;[0m &amp#27;[37m<-- POST /session/7ff28d8e-c005-441b-a183-5c8556aeefae/element/00000000-0000-0007-ffff-ffff0000001c/value &amp#27;[39m&amp#27;[32m200&amp#27;[39m &amp#27;[90m548 ms - 14&amp#27;[39m
&amp#27;[38;5;0m[HTTP]&amp#27;[0m &amp#27;[90m&amp#27;[39m
&amp#27;[38;5;0m[HTTP]&amp#27;[0m &amp#27;[37m-->&amp#27;[39m &amp#27;[37mGET&amp#27;[39m &amp#27;[37m/session/7ff28d8e-c005-441b-a183-5c8556aeefae/context&amp#27;[39m
&amp#27;[38;5;0m[HTTP]&amp#27;[0m &amp#27;[90m{}&amp#27;[39m
&amp#27;[38;5;32m[AndroidUiautomator2Driver@5f83 (7ff28d8e)]&amp#27;[0m Calling AppiumDriver.getCurrentContext() with args: ["7ff28d8e-c005-441b-a183-5c8556aeefae"]
&amp#27;[38;5;32m[AndroidUiautomator2Driver@5f83 (7ff28d8e)]&amp#27;[0m Responding to client with driver.getCurrentContext() result: "NATIVE_APP"
&amp#27;[38;5;0m[HTTP]&amp#27;[0m &amp#27;[37m<-- GET /session/7ff28d8e-c005-441b-a183-5c8556aeefae/context &amp#27;[39m&amp#27;[32m200&amp#27;[39m &amp#27;[90m2 ms - 22&amp#27;[39m
&amp#27;[38;5;0m[HTTP]&amp#27;[0m &amp#27;[90m&amp#27;[39m
&amp#27;[38;5;0m[HTTP]&amp#27;[0m &amp#27;[37m-->&amp#27;[39m &amp#27;[37mPOST&amp#27;[39m &amp#27;[37m/session/7ff28d8e-c005-441b-a183-5c8556aeefae/element&amp#27;[39m
&amp#27;[38;5;0m[HTTP]&amp#27;[0m &amp#27;[90m{"using":"id","value":"com.androidsample.generalstore:id/radioFemale"}&amp#27;[39m
&amp#27;[38;5;32m[AndroidUiautomator2Driver@5f83 (7ff28d8e)]&amp#27;[0m Calling AppiumDriver.findElement() with args: ["id","com.androidsample.generalstore:id/radioFemale","7ff28d8e-c005-441b-a183-5c8556aeefae"]
&amp#27;[38;5;32m[AndroidUiautomator2Driver@5f83 (7ff28d8e)]&amp#27;[0m Valid locator strategies for this request: xpath, id, class name, accessibility id, css selector, -android uiautomator
&amp#27;[38;5;32m[AndroidUiautomator2Driver@5f83 (7ff28d8e)]&amp#27;[0m Waiting up to 15000 ms for condition
&amp#27;[38;5;32m[AndroidUiautomator2Driver@5f83 (7ff28d8e)]&amp#27;[0m Matched '/element' to command name 'findElement'
&amp#27;[38;5;32m[AndroidUiautomator2Driver@5f83 (7ff28d8e)]&amp#27;[0m Proxying [POST /element] to [POST http://127.0.0.1:8201/session/7cfc23a4-5c63-4197-8a21-0080b563bd3e/element] with body: {"strategy":"id","selector":"com.androidsample.generalstore:id/radioFemale","context":"","multiple":false}
&amp#27;[38;5;32m[AndroidUiautomator2Driver@5f83 (7ff28d8e)]&amp#27;[0m Got response with status 200: {"sessionId":"7cfc23a4-5c63-4197-8a21-0080b563bd3e","value":{"ELEMENT":"00000000-0000-0007-ffff-ffff00000020","element-6066-11e4-a52e-4f735466cecf":"00000000-0000-0007-ffff-ffff00000020"}}
&amp#27;[38;5;32m[AndroidUiautomator2Driver@5f83 (7ff28d8e)]&amp#27;[0m Responding to client with driver.findElement() result: {"element-6066-11e4-a52e-4f735466cecf":"00000000-0000-0007-ffff-ffff00000020","ELEMENT":"00000000-0000-0007-ffff-ffff00000020"}
&amp#27;[38;5;0m[HTTP]&amp#27;[0m &amp#27;[37m<-- POST /session/7ff28d8e-c005-441b-a183-5c8556aeefae/element &amp#27;[39m&amp#27;[32m200&amp#27;[39m &amp#27;[90m491 ms - 137&amp#27;[39m
&amp#27;[38;5;0m[HTTP]&amp#27;[0m &amp#27;[90m&amp#27;[39m
&amp#27;[38;5;0m[HTTP]&amp#27;[0m &amp#27;[37m-->&amp#27;[39m &amp#27;[37mPOST&amp#27;[39m &amp#27;[37m/session/7ff28d8e-c005-441b-a183-5c8556aeefae/element/00000000-0000-0007-ffff-ffff00000020/click&amp#27;[39m
&amp#27;[38;5;0m[HTTP]&amp#27;[0m &amp#27;[90m{"id":"00000000-0000-0007-ffff-ffff00000020"}&amp#27;[39m
&amp#27;[38;5;32m[AndroidUiautomator2Driver@5f83 (7ff28d8e)]&amp#27;[0m Calling AppiumDriver.click() with args: ["00000000-0000-0007-ffff-ffff00000020","7ff28d8e-c005-441b-a183-5c8556aeefae"]
&amp#27;[38;5;32m[AndroidUiautomator2Driver@5f83 (7ff28d8e)]&amp#27;[0m Matched '/element/00000000-0000-0007-ffff-ffff00000020/click' to command name 'click'
&amp#27;[38;5;32m[AndroidUiautomator2Driver@5f83 (7ff28d8e)]&amp#27;[0m Proxying [POST /element/00000000-0000-0007-ffff-ffff00000020/click] to [POST http://127.0.0.1:8201/session/7cfc23a4-5c63-4197-8a21-0080b563bd3e/element/00000000-0000-0007-ffff-ffff00000020/click] with body: {"element":"00000000-0000-0007-ffff-ffff00000020"}
&amp#27;[38;5;32m[AndroidUiautomator2Driver@5f83 (7ff28d8e)]&amp#27;[0m Got response with status 200: {"sessionId":"7cfc23a4-5c63-4197-8a21-0080b563bd3e","value":null}
&amp#27;[38;5;32m[AndroidUiautomator2Driver@5f83 (7ff28d8e)]&amp#27;[0m Responding to client with driver.click() result: null
&amp#27;[38;5;0m[HTTP]&amp#27;[0m &amp#27;[37m<-- POST /session/7ff28d8e-c005-441b-a183-5c8556aeefae/element/00000000-0000-0007-ffff-ffff00000020/click &amp#27;[39m&amp#27;[32m200&amp#27;[39m &amp#27;[90m59 ms - 14&amp#27;[39m
&amp#27;[38;5;0m[HTTP]&amp#27;[0m &amp#27;[90m&amp#27;[39m
&amp#27;[38;5;0m[HTTP]&amp#27;[0m &amp#27;[37m-->&amp#27;[39m &amp#27;[37mGET&amp#27;[39m &amp#27;[37m/session/7ff28d8e-c005-441b-a183-5c8556aeefae/context&amp#27;[39m
&amp#27;[38;5;0m[HTTP]&amp#27;[0m &amp#27;[90m{}&amp#27;[39m
&amp#27;[38;5;32m[AndroidUiautomator2Driver@5f83 (7ff28d8e)]&amp#27;[0m Calling AppiumDriver.getCurrentContext() with args: ["7ff28d8e-c005-441b-a183-5c8556aeefae"]
&amp#27;[38;5;32m[AndroidUiautomator2Driver@5f83 (7ff28d8e)]&amp#27;[0m Responding to client with driver.getCurrentContext() result: "NATIVE_APP"
&amp#27;[38;5;0m[HTTP]&amp#27;[0m &amp#27;[37m<-- GET /session/7ff28d8e-c005-441b-a183-5c8556aeefae/context &amp#27;[39m&amp#27;[32m200&amp#27;[39m &amp#27;[90m2 ms - 22&amp#27;[39m
&amp#27;[38;5;0m[HTTP]&amp#27;[0m &amp#27;[90m&amp#27;[39m
&amp#27;[38;5;0m[HTTP]&amp#27;[0m &amp#27;[37m-->&amp#27;[39m &amp#27;[37mPOST&amp#27;[39m &amp#27;[37m/session/7ff28d8e-c005-441b-a183-5c8556aeefae/element&amp#27;[39m
&amp#27;[38;5;0m[HTTP]&amp#27;[0m &amp#27;[90m{"using":"id","value":"com.androidsample.generalstore:id/btnLetsShop"}&amp#27;[39m
&amp#27;[38;5;32m[AndroidUiautomator2Driver@5f83 (7ff28d8e)]&amp#27;[0m Calling AppiumDriver.findElement() with args: ["id","com.androidsample.generalstore:id/btnLetsShop","7ff28d8e-c005-441b-a183-5c8556aeefae"]
&amp#27;[38;5;32m[AndroidUiautomator2Driver@5f83 (7ff28d8e)]&amp#27;[0m Valid locator strategies for this request: xpath, id, class name, accessibility id, css selector, -android uiautomator
&amp#27;[38;5;32m[AndroidUiautomator2Driver@5f83 (7ff28d8e)]&amp#27;[0m Waiting up to 15000 ms for condition
&amp#27;[38;5;32m[AndroidUiautomator2Driver@5f83 (7ff28d8e)]&amp#27;[0m Matched '/element' to command name 'findElement'
&amp#27;[38;5;32m[AndroidUiautomator2Driver@5f83 (7ff28d8e)]&amp#27;[0m Proxying [POST /element] to [POST http://127.0.0.1:8201/session/7cfc23a4-5c63-4197-8a21-0080b563bd3e/element] with body: {"strategy":"id","selector":"com.androidsample.generalstore:id/btnLetsShop","context":"","multiple":false}
&amp#27;[38;5;32m[AndroidUiautomator2Driver@5f83 (7ff28d8e)]&amp#27;[0m Got response with status 200: {"sessionId":"7cfc23a4-5c63-4197-8a21-0080b563bd3e","value":{"ELEMENT":"00000000-0000-0007-ffff-ffff00000021","element-6066-11e4-a52e-4f735466cecf":"00000000-0000-0007-ffff-ffff00000021"}}
&amp#27;[38;5;32m[AndroidUiautomator2Driver@5f83 (7ff28d8e)]&amp#27;[0m Responding to client with driver.findElement() result: {"element-6066-11e4-a52e-4f735466cecf":"00000000-0000-0007-ffff-ffff00000021","ELEMENT":"00000000-0000-0007-ffff-ffff00000021"}
&amp#27;[38;5;0m[HTTP]&amp#27;[0m &amp#27;[37m<-- POST /session/7ff28d8e-c005-441b-a183-5c8556aeefae/element &amp#27;[39m&amp#27;[32m200&amp#27;[39m &amp#27;[90m511 ms - 137&amp#27;[39m
&amp#27;[38;5;0m[HTTP]&amp#27;[0m &amp#27;[90m&amp#27;[39m
&amp#27;[38;5;0m[HTTP]&amp#27;[0m &amp#27;[37m-->&amp#27;[39m &amp#27;[37mPOST&amp#27;[39m &amp#27;[37m/session/7ff28d8e-c005-441b-a183-5c8556aeefae/element/00000000-0000-0007-ffff-ffff00000021/click&amp#27;[39m
&amp#27;[38;5;0m[HTTP]&amp#27;[0m &amp#27;[90m{"id":"00000000-0000-0007-ffff-ffff00000021"}&amp#27;[39m
&amp#27;[38;5;32m[AndroidUiautomator2Driver@5f83 (7ff28d8e)]&amp#27;[0m Calling AppiumDriver.click() with args: ["00000000-0000-0007-ffff-ffff00000021","7ff28d8e-c005-441b-a183-5c8556aeefae"]
&amp#27;[38;5;32m[AndroidUiautomator2Driver@5f83 (7ff28d8e)]&amp#27;[0m Matched '/element/00000000-0000-0007-ffff-ffff00000021/click' to command name 'click'
&amp#27;[38;5;32m[AndroidUiautomator2Driver@5f83 (7ff28d8e)]&amp#27;[0m Proxying [POST /element/00000000-0000-0007-ffff-ffff00000021/click] to [POST http://127.0.0.1:8201/session/7cfc23a4-5c63-4197-8a21-0080b563bd3e/element/00000000-0000-0007-ffff-ffff00000021/click] with body: {"element":"00000000-0000-0007-ffff-ffff00000021"}
&amp#27;[38;5;32m[AndroidUiautomator2Driver@5f83 (7ff28d8e)]&amp#27;[0m Got response with status 200: {"sessionId":"7cfc23a4-5c63-4197-8a21-0080b563bd3e","value":null}
&amp#27;[38;5;32m[AndroidUiautomator2Driver@5f83 (7ff28d8e)]&amp#27;[0m Responding to client with driver.click() result: null
&amp#27;[38;5;0m[HTTP]&amp#27;[0m &amp#27;[37m<-- POST /session/7ff28d8e-c005-441b-a183-5c8556aeefae/element/00000000-0000-0007-ffff-ffff00000021/click &amp#27;[39m&amp#27;[32m200&amp#27;[39m &amp#27;[90m66 ms - 14&amp#27;[39m
&amp#27;[38;5;0m[HTTP]&amp#27;[0m &amp#27;[90m&amp#27;[39m
&amp#27;[38;5;0m[HTTP]&amp#27;[0m &amp#27;[37m-->&amp#27;[39m &amp#27;[37mGET&amp#27;[39m &amp#27;[37m/session/7ff28d8e-c005-441b-a183-5c8556aeefae/context&amp#27;[39m
&amp#27;[38;5;0m[HTTP]&amp#27;[0m &amp#27;[90m{}&amp#27;[39m
&amp#27;[38;5;32m[AndroidUiautomator2Driver@5f83 (7ff28d8e)]&amp#27;[0m Calling AppiumDriver.getCurrentContext() with args: ["7ff28d8e-c005-441b-a183-5c8556aeefae"]
&amp#27;[38;5;32m[AndroidUiautomator2Driver@5f83 (7ff28d8e)]&amp#27;[0m Responding to client with driver.getCurrentContext() result: "NATIVE_APP"
&amp#27;[38;5;0m[HTTP]&amp#27;[0m &amp#27;[37m<-- GET /session/7ff28d8e-c005-441b-a183-5c8556aeefae/context &amp#27;[39m&amp#27;[32m200&amp#27;[39m &amp#27;[90m1 ms - 22&amp#27;[39m
&amp#27;[38;5;0m[HTTP]&amp#27;[0m &amp#27;[90m&amp#27;[39m
&amp#27;[38;5;0m[HTTP]&amp#27;[0m &amp#27;[37m-->&amp#27;[39m &amp#27;[37mPOST&amp#27;[39m &amp#27;[37m/session/7ff28d8e-c005-441b-a183-5c8556aeefae/element&amp#27;[39m
&amp#27;[38;5;0m[HTTP]&amp#27;[0m &amp#27;[90m{"using":"id","value":"com.androidsample.generalstore:id/toolbar_title"}&amp#27;[39m
&amp#27;[38;5;32m[AndroidUiautomator2Driver@5f83 (7ff28d8e)]&amp#27;[0m Calling AppiumDriver.findElement() with args: ["id","com.androidsample.generalstore:id/toolbar_title","7ff28d8e-c005-441b-a183-5c8556aeefae"]
&amp#27;[38;5;32m[AndroidUiautomator2Driver@5f83 (7ff28d8e)]&amp#27;[0m Valid locator strategies for this request: xpath, id, class name, accessibility id, css selector, -android uiautomator
&amp#27;[38;5;32m[AndroidUiautomator2Driver@5f83 (7ff28d8e)]&amp#27;[0m Waiting up to 15000 ms for condition
&amp#27;[38;5;32m[AndroidUiautomator2Driver@5f83 (7ff28d8e)]&amp#27;[0m Matched '/element' to command name 'findElement'
&amp#27;[38;5;32m[AndroidUiautomator2Driver@5f83 (7ff28d8e)]&amp#27;[0m Proxying [POST /element] to [POST http://127.0.0.1:8201/session/7cfc23a4-5c63-4197-8a21-0080b563bd3e/element] with body: {"strategy":"id","selector":"com.androidsample.generalstore:id/toolbar_title","context":"","multiple":false}
&amp#27;[38;5;32m[AndroidUiautomator2Driver@5f83 (7ff28d8e)]&amp#27;[0m Got response with status 200: {"sessionId":"7cfc23a4-5c63-4197-8a21-0080b563bd3e","value":{"ELEMENT":"00000000-0000-0009-ffff-ffff00000041","element-6066-11e4-a52e-4f735466cecf":"00000000-0000-0009-ffff-ffff00000041"}}
&amp#27;[38;5;32m[AndroidUiautomator2Driver@5f83 (7ff28d8e)]&amp#27;[0m Responding to client with driver.findElement() result: {"element-6066-11e4-a52e-4f735466cecf":"00000000-0000-0009-ffff-ffff00000041","ELEMENT":"00000000-0000-0009-ffff-ffff00000041"}
&amp#27;[38;5;0m[HTTP]&amp#27;[0m &amp#27;[37m<-- POST /session/7ff28d8e-c005-441b-a183-5c8556aeefae/element &amp#27;[39m&amp#27;[32m200&amp#27;[39m &amp#27;[90m27 ms - 137&amp#27;[39m
&amp#27;[38;5;0m[HTTP]&amp#27;[0m &amp#27;[90m&amp#27;[39m
&amp#27;[38;5;0m[HTTP]&amp#27;[0m &amp#27;[37m-->&amp#27;[39m &amp#27;[37mGET&amp#27;[39m &amp#27;[37m/session/7ff28d8e-c005-441b-a183-5c8556aeefae/element/00000000-0000-0009-ffff-ffff00000041/text&amp#27;[39m
&amp#27;[38;5;0m[HTTP]&amp#27;[0m &amp#27;[90m{}&amp#27;[39m
&amp#27;[38;5;32m[AndroidUiautomator2Driver@5f83 (7ff28d8e)]&amp#27;[0m Driver proxy active, passing request on via HTTP proxy
&amp#27;[38;5;32m[AndroidUiautomator2Driver@5f83 (7ff28d8e)]&amp#27;[0m Matched '/session/7ff28d8e-c005-441b-a183-5c8556aeefae/element/00000000-0000-0009-ffff-ffff00000041/text' to command name 'getText'
&amp#27;[38;5;32m[AndroidUiautomator2Driver@5f83 (7ff28d8e)]&amp#27;[0m Proxying [GET /session/7ff28d8e-c005-441b-a183-5c8556aeefae/element/00000000-0000-0009-ffff-ffff00000041/text] to [GET http://127.0.0.1:8201/session/7cfc23a4-5c63-4197-8a21-0080b563bd3e/element/00000000-0000-0009-ffff-ffff00000041/text] with no body
&amp#27;[38;5;32m[AndroidUiautomator2Driver@5f83 (7ff28d8e)]&amp#27;[0m Got response with status 200: {"sessionId":"7cfc23a4-5c63-4197-8a21-0080b563bd3e","value":"Products"}
&amp#27;[38;5;32m[AndroidUiautomator2Driver@5f83 (7ff28d8e)]&amp#27;[0m Replacing sessionId 7cfc23a4-5c63-4197-8a21-0080b563bd3e with 7ff28d8e-c005-441b-a183-5c8556aeefae
&amp#27;[38;5;0m[HTTP]&amp#27;[0m &amp#27;[37m<-- GET /session/7ff28d8e-c005-441b-a183-5c8556aeefae/element/00000000-0000-0009-ffff-ffff00000041/text &amp#27;[39m&amp#27;[32m200&amp#27;[39m &amp#27;[90m19 ms - 71&amp#27;[39m
&amp#27;[38;5;0m[HTTP]&amp#27;[0m &amp#27;[90m&amp#27;[39m
&amp#27;[38;5;0m[HTTP]&amp#27;[0m &amp#27;[37m-->&amp#27;[39m &amp#27;[37mPOST&amp#27;[39m &amp#27;[37m/session/7ff28d8e-c005-441b-a183-5c8556aeefae/execute/sync&amp#27;[39m
&amp#27;[38;5;0m[HTTP]&amp#27;[0m &amp#27;[90m{"script":"mobile: terminateApp","args":[{"bundleId":"com.androidsample.generalstore","appId":"com.androidsample.generalstore"}]}&amp#27;[39m
&amp#27;[38;5;32m[AndroidUiautomator2Driver@5f83 (7ff28d8e)]&amp#27;[0m Calling AppiumDriver.execute() with args: ["mobile: terminateApp",[{"bundleId":"com.androidsample.generalstore","appId":"com.androidsample.generalstore"}],"7ff28d8e-c005-441b-a183-5c8556aeefae"]
&amp#27;[38;5;32m[AndroidUiautomator2Driver@5f83 (7ff28d8e)]&amp#27;[0m Executing method 'mobile: terminateApp'
&amp#27;[38;5;32m[AndroidUiautomator2Driver@5f83 (7ff28d8e)]&amp#27;[0m Terminating 'com.androidsample.generalstore'
&amp#27;[38;5;64m[ADB]&amp#27;[0m Getting IDs of all 'com.androidsample.generalstore' processes
&amp#27;[38;5;64m[ADB]&amp#27;[0m Running 'C:\Users\aao\AppData\Local\Android\Sdk\platform-tools\adb.exe -P 5037 -s emulator-5554 shell pgrep -f \(\[\[:blank:\]\]\|\^\)com\.androidsample\.generalstore\(\[\[:blank:\]\]\|\$\)'
&amp#27;[38;5;64m[ADB]&amp#27;[0m Running 'C:\Users\aao\AppData\Local\Android\Sdk\platform-tools\adb.exe -P 5037 -s emulator-5554 shell am force-stop com.androidsample.generalstore'
&amp#27;[38;5;32m[AndroidUiautomator2Driver@5f83 (7ff28d8e)]&amp#27;[0m Querying the state of 'com.androidsample.generalstore'
&amp#27;[38;5;64m[ADB]&amp#27;[0m Getting install status for com.androidsample.generalstore
&amp#27;[38;5;64m[ADB]&amp#27;[0m Running 'C:\Users\aao\AppData\Local\Android\Sdk\platform-tools\adb.exe -P 5037 -s emulator-5554 shell pm path com.androidsample.generalstore'
&amp#27;[38;5;64m[ADB]&amp#27;[0m 'com.androidsample.generalstore' is installed
&amp#27;[38;5;64m[ADB]&amp#27;[0m Getting IDs of all 'com.androidsample.generalstore' processes
&amp#27;[38;5;64m[ADB]&amp#27;[0m Running 'C:\Users\aao\AppData\Local\Android\Sdk\platform-tools\adb.exe -P 5037 -s emulator-5554 shell pgrep -f \(\[\[:blank:\]\]\|\^\)com\.androidsample\.generalstore\(\[\[:blank:\]\]\|\$\)'
&amp#27;[38;5;32m[AndroidUiautomator2Driver@5f83 (7ff28d8e)]&amp#27;[0m 'com.androidsample.generalstore' has been successfully terminated
&amp#27;[38;5;32m[AndroidUiautomator2Driver@5f83 (7ff28d8e)]&amp#27;[0m Responding to client with driver.execute() result: true
&amp#27;[38;5;0m[HTTP]&amp#27;[0m &amp#27;[37m<-- POST /session/7ff28d8e-c005-441b-a183-5c8556aeefae/execute/sync &amp#27;[39m&amp#27;[32m200&amp#27;[39m &amp#27;[90m525 ms - 14&amp#27;[39m
&amp#27;[38;5;0m[HTTP]&amp#27;[0m &amp#27;[90m&amp#27;[39m
]]></system-out>
    <system-err><![CDATA[SLF4J: No SLF4J providers were found.
SLF4J: Defaulting to no-operation (NOP) logger implementation
SLF4J: See https://www.slf4j.org/codes.html#noProviders for further details.
]]></system-err>
  </testcase>
  <testcase name="TC02 | Negatif Test" classname="General Store #2" time="16.407">
    <system-out><![CDATA[&amp#27;[38;5;0m[HTTP]&amp#27;[0m &amp#27;[37m-->&amp#27;[39m &amp#27;[37mPOST&amp#27;[39m &amp#27;[37m/session/7ff28d8e-c005-441b-a183-5c8556aeefae/execute/sync&amp#27;[39m
&amp#27;[38;5;0m[HTTP]&amp#27;[0m &amp#27;[90m{"script":"mobile: activateApp","args":[{"bundleId":"com.androidsample.generalstore","appId":"com.androidsample.generalstore"}]}&amp#27;[39m
&amp#27;[38;5;32m[AndroidUiautomator2Driver@5f83 (7ff28d8e)]&amp#27;[0m Calling AppiumDriver.execute() with args: ["mobile: activateApp",[{"bundleId":"com.androidsample.generalstore","appId":"com.androidsample.generalstore"}],"7ff28d8e-c005-441b-a183-5c8556aeefae"]
&amp#27;[38;5;32m[AndroidUiautomator2Driver@5f83 (7ff28d8e)]&amp#27;[0m Executing method 'mobile: activateApp'
&amp#27;[38;5;32m[AndroidUiautomator2Driver@5f83 (7ff28d8e)]&amp#27;[0m Activating 'com.androidsample.generalstore'
&amp#27;[38;5;64m[ADB]&amp#27;[0m Running 'C:\Users\aao\AppData\Local\Android\Sdk\platform-tools\adb.exe -P 5037 -s emulator-5554 shell cmd package resolve-activity --brief com.androidsample.generalstore'
&amp#27;[38;5;64m[ADB]&amp#27;[0m Running 'C:\Users\aao\AppData\Local\Android\Sdk\platform-tools\adb.exe -P 5037 -s emulator-5554 shell am start-activity -a android.intent.action.MAIN -c android.intent.category.LAUNCHER -f 0x10200000 -n com.androidsample.generalstore/.SplashActivity'
&amp#27;[38;5;32m[AndroidUiautomator2Driver@5f83 (7ff28d8e)]&amp#27;[0m Starting: Intent { act=android.intent.action.MAIN cat=[android.intent.category.LAUNCHER] flg=0x10200000 cmp=com.androidsample.generalstore/.SplashActivity }
&amp#27;[38;5;32m[AndroidUiautomator2Driver@5f83 (7ff28d8e)]&amp#27;[0m Responding to client with driver.execute() result: null
&amp#27;[38;5;0m[HTTP]&amp#27;[0m &amp#27;[37m<-- POST /session/7ff28d8e-c005-441b-a183-5c8556aeefae/execute/sync &amp#27;[39m&amp#27;[32m200&amp#27;[39m &amp#27;[90m210 ms - 14&amp#27;[39m
&amp#27;[38;5;0m[HTTP]&amp#27;[0m &amp#27;[90m&amp#27;[39m
&amp#27;[38;5;0m[HTTP]&amp#27;[0m &amp#27;[37m-->&amp#27;[39m &amp#27;[37mGET&amp#27;[39m &amp#27;[37m/session/7ff28d8e-c005-441b-a183-5c8556aeefae/context&amp#27;[39m
&amp#27;[38;5;0m[HTTP]&amp#27;[0m &amp#27;[90m{}&amp#27;[39m
&amp#27;[38;5;32m[AndroidUiautomator2Driver@5f83 (7ff28d8e)]&amp#27;[0m Calling AppiumDriver.getCurrentContext() with args: ["7ff28d8e-c005-441b-a183-5c8556aeefae"]
&amp#27;[38;5;32m[AndroidUiautomator2Driver@5f83 (7ff28d8e)]&amp#27;[0m Responding to client with driver.getCurrentContext() result: "NATIVE_APP"
&amp#27;[38;5;0m[HTTP]&amp#27;[0m &amp#27;[37m<-- GET /session/7ff28d8e-c005-441b-a183-5c8556aeefae/context &amp#27;[39m&amp#27;[32m200&amp#27;[39m &amp#27;[90m2 ms - 22&amp#27;[39m
&amp#27;[38;5;0m[HTTP]&amp#27;[0m &amp#27;[90m&amp#27;[39m
&amp#27;[38;5;0m[HTTP]&amp#27;[0m &amp#27;[37m-->&amp#27;[39m &amp#27;[37mPOST&amp#27;[39m &amp#27;[37m/session/7ff28d8e-c005-441b-a183-5c8556aeefae/element&amp#27;[39m
&amp#27;[38;5;0m[HTTP]&amp#27;[0m &amp#27;[90m{"using":"id","value":"com.androidsample.generalstore:id/spinnerCountry"}&amp#27;[39m
&amp#27;[38;5;32m[AndroidUiautomator2Driver@5f83 (7ff28d8e)]&amp#27;[0m Calling AppiumDriver.findElement() with args: ["id","com.androidsample.generalstore:id/spinnerCountry","7ff28d8e-c005-441b-a183-5c8556aeefae"]
&amp#27;[38;5;32m[AndroidUiautomator2Driver@5f83 (7ff28d8e)]&amp#27;[0m Valid locator strategies for this request: xpath, id, class name, accessibility id, css selector, -android uiautomator
&amp#27;[38;5;32m[AndroidUiautomator2Driver@5f83 (7ff28d8e)]&amp#27;[0m Waiting up to 15000 ms for condition
&amp#27;[38;5;32m[AndroidUiautomator2Driver@5f83 (7ff28d8e)]&amp#27;[0m Matched '/element' to command name 'findElement'
&amp#27;[38;5;32m[AndroidUiautomator2Driver@5f83 (7ff28d8e)]&amp#27;[0m Proxying [POST /element] to [POST http://127.0.0.1:8201/session/7cfc23a4-5c63-4197-8a21-0080b563bd3e/element] with body: {"strategy":"id","selector":"com.androidsample.generalstore:id/spinnerCountry","context":"","multiple":false}
&amp#27;[38;5;32m[AndroidUiautomator2Driver@5f83 (7ff28d8e)]&amp#27;[0m Got response with status 404: {"sessionId":"7cfc23a4-5c63-4197-8a21-0080b563bd3e","value":{"error":"no such element","message":"An element could not be located on the page using the given search parameters","stacktrace":"io.appium.uiautomator2.common.exceptions.ElementNotFoundException: An element could not be located on the page using the given search parameters\n\tat io.appium.uiautomator2.handler.FindElement.safeHandle(FindElement.java:63)\n\tat io.appium.uiautomator2.handler.request.SafeRequestHandler.handle(SafeRequestHandler.java:59)\n\tat io.appium.uiautomator2.server.AppiumServlet.handleRequest(AppiumServlet.java:277)\n\tat io.appium.uiautomator2.server.AppiumServlet.handleHttpRequest(AppiumServlet.java:271)\n\tat io.appium.uiautomator2.http.ServerHandler.channelRead(ServerHandler.java:77)\n\tat io.netty.channel.AbstractChannelHandlerContext.invokeChannelRead(AbstractChannelHandlerContext.java:366)\n\tat io.netty.channel.AbstractChannelHandlerContext.invokeChannelRead(AbstractChannelHandlerContext.java:352)\n\tat io.netty.chann...
&amp#27;[38;5;128m[W3C]&amp#27;[0m Matched W3C error code 'no such element' to NoSuchElementError
&amp#27;[38;5;32m[AndroidUiautomator2Driver@5f83 (7ff28d8e)]&amp#27;[0m Waited for 531 ms so far
&amp#27;[38;5;32m[AndroidUiautomator2Driver@5f83 (7ff28d8e)]&amp#27;[0m Matched '/element' to command name 'findElement'
&amp#27;[38;5;32m[AndroidUiautomator2Driver@5f83 (7ff28d8e)]&amp#27;[0m Proxying [POST /element] to [POST http://127.0.0.1:8201/session/7cfc23a4-5c63-4197-8a21-0080b563bd3e/element] with body: {"strategy":"id","selector":"com.androidsample.generalstore:id/spinnerCountry","context":"","multiple":false}
&amp#27;[38;5;32m[AndroidUiautomator2Driver@5f83 (7ff28d8e)]&amp#27;[0m Got response with status 404: {"sessionId":"7cfc23a4-5c63-4197-8a21-0080b563bd3e","value":{"error":"no such element","message":"An element could not be located on the page using the given search parameters","stacktrace":"io.appium.uiautomator2.common.exceptions.ElementNotFoundException: An element could not be located on the page using the given search parameters\n\tat io.appium.uiautomator2.handler.FindElement.safeHandle(FindElement.java:63)\n\tat io.appium.uiautomator2.handler.request.SafeRequestHandler.handle(SafeRequestHandler.java:59)\n\tat io.appium.uiautomator2.server.AppiumServlet.handleRequest(AppiumServlet.java:277)\n\tat io.appium.uiautomator2.server.AppiumServlet.handleHttpRequest(AppiumServlet.java:271)\n\tat io.appium.uiautomator2.http.ServerHandler.channelRead(ServerHandler.java:77)\n\tat io.netty.channel.AbstractChannelHandlerContext.invokeChannelRead(AbstractChannelHandlerContext.java:366)\n\tat io.netty.channel.AbstractChannelHandlerContext.invokeChannelRead(AbstractChannelHandlerContext.java:352)\n\tat io.netty.chann...
&amp#27;[38;5;128m[W3C]&amp#27;[0m Matched W3C error code 'no such element' to NoSuchElementError
&amp#27;[38;5;32m[AndroidUiautomator2Driver@5f83 (7ff28d8e)]&amp#27;[0m Waited for 1109 ms so far
&amp#27;[38;5;32m[AndroidUiautomator2Driver@5f83 (7ff28d8e)]&amp#27;[0m Matched '/element' to command name 'findElement'
&amp#27;[38;5;32m[AndroidUiautomator2Driver@5f83 (7ff28d8e)]&amp#27;[0m Proxying [POST /element] to [POST http://127.0.0.1:8201/session/7cfc23a4-5c63-4197-8a21-0080b563bd3e/element] with body: {"strategy":"id","selector":"com.androidsample.generalstore:id/spinnerCountry","context":"","multiple":false}
&amp#27;[38;5;32m[AndroidUiautomator2Driver@5f83 (7ff28d8e)]&amp#27;[0m Got response with status 404: {"sessionId":"7cfc23a4-5c63-4197-8a21-0080b563bd3e","value":{"error":"no such element","message":"An element could not be located on the page using the given search parameters","stacktrace":"io.appium.uiautomator2.common.exceptions.ElementNotFoundException: An element could not be located on the page using the given search parameters\n\tat io.appium.uiautomator2.handler.FindElement.safeHandle(FindElement.java:63)\n\tat io.appium.uiautomator2.handler.request.SafeRequestHandler.handle(SafeRequestHandler.java:59)\n\tat io.appium.uiautomator2.server.AppiumServlet.handleRequest(AppiumServlet.java:277)\n\tat io.appium.uiautomator2.server.AppiumServlet.handleHttpRequest(AppiumServlet.java:271)\n\tat io.appium.uiautomator2.http.ServerHandler.channelRead(ServerHandler.java:77)\n\tat io.netty.channel.AbstractChannelHandlerContext.invokeChannelRead(AbstractChannelHandlerContext.java:366)\n\tat io.netty.channel.AbstractChannelHandlerContext.invokeChannelRead(AbstractChannelHandlerContext.java:352)\n\tat io.netty.chann...
&amp#27;[38;5;128m[W3C]&amp#27;[0m Matched W3C error code 'no such element' to NoSuchElementError
&amp#27;[38;5;32m[AndroidUiautomator2Driver@5f83 (7ff28d8e)]&amp#27;[0m Waited for 1630 ms so far
&amp#27;[38;5;32m[AndroidUiautomator2Driver@5f83 (7ff28d8e)]&amp#27;[0m Matched '/element' to command name 'findElement'
[...]
&amp#27;[38;5;0m[HTTP]&amp#27;[0m &amp#27;[37m<-- GET /session/7ff28d8e-c005-441b-a183-5c8556aeefae/context &amp#27;[39m&amp#27;[32m200&amp#27;[39m &amp#27;[90m1 ms - 22&amp#27;[39m
&amp#27;[38;5;0m[HTTP]&amp#27;[0m &amp#27;[90m&amp#27;[39m
&amp#27;[38;5;0m[HTTP]&amp#27;[0m &amp#27;[37m-->&amp#27;[39m &amp#27;[37mPOST&amp#27;[39m &amp#27;[37m/session/7ff28d8e-c005-441b-a183-5c8556aeefae/element&amp#27;[39m
&amp#27;[38;5;0m[HTTP]&amp#27;[0m &amp#27;[90m{"using":"id","value":"com.androidsample.generalstore:id/nameField"}&amp#27;[39m
&amp#27;[38;5;32m[AndroidUiautomator2Driver@5f83 (7ff28d8e)]&amp#27;[0m Calling AppiumDriver.findElement() with args: ["id","com.androidsample.generalstore:id/nameField","7ff28d8e-c005-441b-a183-5c8556aeefae"]
&amp#27;[38;5;32m[AndroidUiautomator2Driver@5f83 (7ff28d8e)]&amp#27;[0m Valid locator strategies for this request: xpath, id, class name, accessibility id, css selector, -android uiautomator
&amp#27;[38;5;32m[AndroidUiautomator2Driver@5f83 (7ff28d8e)]&amp#27;[0m Waiting up to 15000 ms for condition
&amp#27;[38;5;32m[AndroidUiautomator2Driver@5f83 (7ff28d8e)]&amp#27;[0m Matched '/element' to command name 'findElement'
&amp#27;[38;5;32m[AndroidUiautomator2Driver@5f83 (7ff28d8e)]&amp#27;[0m Proxying [POST /element] to [POST http://127.0.0.1:8201/session/7cfc23a4-5c63-4197-8a21-0080b563bd3e/element] with body: {"strategy":"id","selector":"com.androidsample.generalstore:id/nameField","context":"","multiple":false}
&amp#27;[38;5;32m[AndroidUiautomator2Driver@5f83 (7ff28d8e)]&amp#27;[0m Got response with status 200: {"sessionId":"7cfc23a4-5c63-4197-8a21-0080b563bd3e","value":{"ELEMENT":"00000000-0000-000b-ffff-ffff0000001c","element-6066-11e4-a52e-4f735466cecf":"00000000-0000-000b-ffff-ffff0000001c"}}
&amp#27;[38;5;32m[AndroidUiautomator2Driver@5f83 (7ff28d8e)]&amp#27;[0m Responding to client with driver.findElement() result: {"element-6066-11e4-a52e-4f735466cecf":"00000000-0000-000b-ffff-ffff0000001c","ELEMENT":"00000000-0000-000b-ffff-ffff0000001c"}
&amp#27;[38;5;0m[HTTP]&amp#27;[0m &amp#27;[37m<-- POST /session/7ff28d8e-c005-441b-a183-5c8556aeefae/element &amp#27;[39m&amp#27;[32m200&amp#27;[39m &amp#27;[90m22 ms - 137&amp#27;[39m
&amp#27;[38;5;0m[HTTP]&amp#27;[0m &amp#27;[90m&amp#27;[39m
&amp#27;[38;5;0m[HTTP]&amp#27;[0m &amp#27;[37m-->&amp#27;[39m &amp#27;[37mPOST&amp#27;[39m &amp#27;[37m/session/7ff28d8e-c005-441b-a183-5c8556aeefae/element/00000000-0000-000b-ffff-ffff0000001c/value&amp#27;[39m
&amp#27;[38;5;0m[HTTP]&amp#27;[0m &amp#27;[90m{"id":"00000000-0000-000b-ffff-ffff0000001c","text":"","value":[]}&amp#27;[39m
&amp#27;[38;5;32m[AndroidUiautomator2Driver@5f83 (7ff28d8e)]&amp#27;[0m Calling AppiumDriver.setValue() with args: [[],"00000000-0000-000b-ffff-ffff0000001c","7ff28d8e-c005-441b-a183-5c8556aeefae"]
&amp#27;[38;5;32m[AndroidUiautomator2Driver@5f83 (7ff28d8e)]&amp#27;[0m Matched '/element/00000000-0000-000b-ffff-ffff0000001c/value' to command name 'setValue'
&amp#27;[38;5;32m[AndroidUiautomator2Driver@5f83 (7ff28d8e)]&amp#27;[0m Added 'value' property [] to 'setValue' request body
&amp#27;[38;5;32m[AndroidUiautomator2Driver@5f83 (7ff28d8e)]&amp#27;[0m Proxying [POST /element/00000000-0000-000b-ffff-ffff0000001c/value] to [POST http://127.0.0.1:8201/session/7cfc23a4-5c63-4197-8a21-0080b563bd3e/element/00000000-0000-000b-ffff-ffff0000001c/value] with body: {"elementId":"00000000-0000-000b-ffff-ffff0000001c","text":"","replace":false,"value":[]}
&amp#27;[38;5;32m[AndroidUiautomator2Driver@5f83 (7ff28d8e)]&amp#27;[0m Got response with status 200: {"sessionId":"7cfc23a4-5c63-4197-8a21-0080b563bd3e","value":null}
&amp#27;[38;5;32m[AndroidUiautomator2Driver@5f83 (7ff28d8e)]&amp#27;[0m Responding to client with driver.setValue() result: null
&amp#27;[38;5;0m[HTTP]&amp#27;[0m &amp#27;[37m<-- POST /session/7ff28d8e-c005-441b-a183-5c8556aeefae/element/00000000-0000-000b-ffff-ffff0000001c/value &amp#27;[39m&amp#27;[32m200&amp#27;[39m &amp#27;[90m538 ms - 14&amp#27;[39m
&amp#27;[38;5;0m[HTTP]&amp#27;[0m &amp#27;[90m&amp#27;[39m
&amp#27;[38;5;0m[HTTP]&amp#27;[0m &amp#27;[37m-->&amp#27;[39m &amp#27;[37mGET&amp#27;[39m &amp#27;[37m/session/7ff28d8e-c005-441b-a183-5c8556aeefae/context&amp#27;[39m
&amp#27;[38;5;0m[HTTP]&amp#27;[0m &amp#27;[90m{}&amp#27;[39m
&amp#27;[38;5;32m[AndroidUiautomator2Driver@5f83 (7ff28d8e)]&amp#27;[0m Calling AppiumDriver.getCurrentContext() with args: ["7ff28d8e-c005-441b-a183-5c8556aeefae"]
&amp#27;[38;5;32m[AndroidUiautomator2Driver@5f83 (7ff28d8e)]&amp#27;[0m Responding to client with driver.getCurrentContext() result: "NATIVE_APP"
&amp#27;[38;5;0m[HTTP]&amp#27;[0m &amp#27;[37m<-- GET /session/7ff28d8e-c005-441b-a183-5c8556aeefae/context &amp#27;[39m&amp#27;[32m200&amp#27;[39m &amp#27;[90m1 ms - 22&amp#27;[39m
&amp#27;[38;5;0m[HTTP]&amp#27;[0m &amp#27;[90m&amp#27;[39m
&amp#27;[38;5;0m[HTTP]&amp#27;[0m &amp#27;[37m-->&amp#27;[39m &amp#27;[37mPOST&amp#27;[39m &amp#27;[37m/session/7ff28d8e-c005-441b-a183-5c8556aeefae/element&amp#27;[39m
&amp#27;[38;5;0m[HTTP]&amp#27;[0m &amp#27;[90m{"using":"id","value":"com.androidsample.generalstore:id/radioFemale"}&amp#27;[39m
&amp#27;[38;5;32m[AndroidUiautomator2Driver@5f83 (7ff28d8e)]&amp#27;[0m Calling AppiumDriver.findElement() with args: ["id","com.androidsample.generalstore:id/radioFemale","7ff28d8e-c005-441b-a183-5c8556aeefae"]
&amp#27;[38;5;32m[AndroidUiautomator2Driver@5f83 (7ff28d8e)]&amp#27;[0m Valid locator strategies for this request: xpath, id, class name, accessibility id, css selector, -android uiautomator
&amp#27;[38;5;32m[AndroidUiautomator2Driver@5f83 (7ff28d8e)]&amp#27;[0m Waiting up to 15000 ms for condition
&amp#27;[38;5;32m[AndroidUiautomator2Driver@5f83 (7ff28d8e)]&amp#27;[0m Matched '/element' to command name 'findElement'
&amp#27;[38;5;32m[AndroidUiautomator2Driver@5f83 (7ff28d8e)]&amp#27;[0m Proxying [POST /element] to [POST http://127.0.0.1:8201/session/7cfc23a4-5c63-4197-8a21-0080b563bd3e/element] with body: {"strategy":"id","selector":"com.androidsample.generalstore:id/radioFemale","context":"","multiple":false}
&amp#27;[38;5;32m[AndroidUiautomator2Driver@5f83 (7ff28d8e)]&amp#27;[0m Got response with status 200: {"sessionId":"7cfc23a4-5c63-4197-8a21-0080b563bd3e","value":{"ELEMENT":"00000000-0000-000b-ffff-ffff00000020","element-6066-11e4-a52e-4f735466cecf":"00000000-0000-000b-ffff-ffff00000020"}}
&amp#27;[38;5;32m[AndroidUiautomator2Driver@5f83 (7ff28d8e)]&amp#27;[0m Responding to client with driver.findElement() result: {"element-6066-11e4-a52e-4f735466cecf":"00000000-0000-000b-ffff-ffff00000020","ELEMENT":"00000000-0000-000b-ffff-ffff00000020"}
&amp#27;[38;5;0m[HTTP]&amp#27;[0m &amp#27;[37m<-- POST /session/7ff28d8e-c005-441b-a183-5c8556aeefae/element &amp#27;[39m&amp#27;[32m200&amp#27;[39m &amp#27;[90m36 ms - 137&amp#27;[39m
&amp#27;[38;5;0m[HTTP]&amp#27;[0m &amp#27;[90m&amp#27;[39m
&amp#27;[38;5;0m[HTTP]&amp#27;[0m &amp#27;[37m-->&amp#27;[39m &amp#27;[37mPOST&amp#27;[39m &amp#27;[37m/session/7ff28d8e-c005-441b-a183-5c8556aeefae/element/00000000-0000-000b-ffff-ffff00000020/click&amp#27;[39m
&amp#27;[38;5;0m[HTTP]&amp#27;[0m &amp#27;[90m{"id":"00000000-0000-000b-ffff-ffff00000020"}&amp#27;[39m
&amp#27;[38;5;32m[AndroidUiautomator2Driver@5f83 (7ff28d8e)]&amp#27;[0m Calling AppiumDriver.click() with args: ["00000000-0000-000b-ffff-ffff00000020","7ff28d8e-c005-441b-a183-5c8556aeefae"]
&amp#27;[38;5;32m[AndroidUiautomator2Driver@5f83 (7ff28d8e)]&amp#27;[0m Matched '/element/00000000-0000-000b-ffff-ffff00000020/click' to command name 'click'
&amp#27;[38;5;32m[AndroidUiautomator2Driver@5f83 (7ff28d8e)]&amp#27;[0m Proxying [POST /element/00000000-0000-000b-ffff-ffff00000020/click] to [POST http://127.0.0.1:8201/session/7cfc23a4-5c63-4197-8a21-0080b563bd3e/element/00000000-0000-000b-ffff-ffff00000020/click] with body: {"element":"00000000-0000-000b-ffff-ffff00000020"}
&amp#27;[38;5;32m[AndroidUiautomator2Driver@5f83 (7ff28d8e)]&amp#27;[0m Got response with status 200: {"sessionId":"7cfc23a4-5c63-4197-8a21-0080b563bd3e","value":null}
&amp#27;[38;5;32m[AndroidUiautomator2Driver@5f83 (7ff28d8e)]&amp#27;[0m Responding to client with driver.click() result: null
&amp#27;[38;5;0m[HTTP]&amp#27;[0m &amp#27;[37m<-- POST /session/7ff28d8e-c005-441b-a183-5c8556aeefae/element/00000000-0000-000b-ffff-ffff00000020/click &amp#27;[39m&amp#27;[32m200&amp#27;[39m &amp#27;[90m491 ms - 14&amp#27;[39m
&amp#27;[38;5;0m[HTTP]&amp#27;[0m &amp#27;[90m&amp#27;[39m
&amp#27;[38;5;0m[HTTP]&amp#27;[0m &amp#27;[37m-->&amp#27;[39m &amp#27;[37mGET&amp#27;[39m &amp#27;[37m/session/7ff28d8e-c005-441b-a183-5c8556aeefae/context&amp#27;[39m
&amp#27;[38;5;0m[HTTP]&amp#27;[0m &amp#27;[90m{}&amp#27;[39m
&amp#27;[38;5;32m[AndroidUiautomator2Driver@5f83 (7ff28d8e)]&amp#27;[0m Calling AppiumDriver.getCurrentContext() with args: ["7ff28d8e-c005-441b-a183-5c8556aeefae"]
&amp#27;[38;5;32m[AndroidUiautomator2Driver@5f83 (7ff28d8e)]&amp#27;[0m Responding to client with driver.getCurrentContext() result: "NATIVE_APP"
&amp#27;[38;5;0m[HTTP]&amp#27;[0m &amp#27;[37m<-- GET /session/7ff28d8e-c005-441b-a183-5c8556aeefae/context &amp#27;[39m&amp#27;[32m200&amp#27;[39m &amp#27;[90m1 ms - 22&amp#27;[39m
&amp#27;[38;5;0m[HTTP]&amp#27;[0m &amp#27;[90m&amp#27;[39m
&amp#27;[38;5;0m[HTTP]&amp#27;[0m &amp#27;[37m-->&amp#27;[39m &amp#27;[37mPOST&amp#27;[39m &amp#27;[37m/session/7ff28d8e-c005-441b-a183-5c8556aeefae/element&amp#27;[39m
&amp#27;[38;5;0m[HTTP]&amp#27;[0m &amp#27;[90m{"using":"id","value":"com.androidsample.generalstore:id/btnLetsShop"}&amp#27;[39m
&amp#27;[38;5;32m[AndroidUiautomator2Driver@5f83 (7ff28d8e)]&amp#27;[0m Calling AppiumDriver.findElement() with args: ["id","com.androidsample.generalstore:id/btnLetsShop","7ff28d8e-c005-441b-a183-5c8556aeefae"]
&amp#27;[38;5;32m[AndroidUiautomator2Driver@5f83 (7ff28d8e)]&amp#27;[0m Valid locator strategies for this request: xpath, id, class name, accessibility id, css selector, -android uiautomator
&amp#27;[38;5;32m[AndroidUiautomator2Driver@5f83 (7ff28d8e)]&amp#27;[0m Waiting up to 15000 ms for condition
&amp#27;[38;5;32m[AndroidUiautomator2Driver@5f83 (7ff28d8e)]&amp#27;[0m Matched '/element' to command name 'findElement'
&amp#27;[38;5;32m[AndroidUiautomator2Driver@5f83 (7ff28d8e)]&amp#27;[0m Proxying [POST /element] to [POST http://127.0.0.1:8201/session/7cfc23a4-5c63-4197-8a21-0080b563bd3e/element] with body: {"strategy":"id","selector":"com.androidsample.generalstore:id/btnLetsShop","context":"","multiple":false}
&amp#27;[38;5;32m[AndroidUiautomator2Driver@5f83 (7ff28d8e)]&amp#27;[0m Got response with status 200: {"sessionId":"7cfc23a4-5c63-4197-8a21-0080b563bd3e","value":{"ELEMENT":"00000000-0000-000b-ffff-ffff00000021","element-6066-11e4-a52e-4f735466cecf":"00000000-0000-000b-ffff-ffff00000021"}}
&amp#27;[38;5;32m[AndroidUiautomator2Driver@5f83 (7ff28d8e)]&amp#27;[0m Responding to client with driver.findElement() result: {"element-6066-11e4-a52e-4f735466cecf":"00000000-0000-000b-ffff-ffff00000021","ELEMENT":"00000000-0000-000b-ffff-ffff00000021"}
&amp#27;[38;5;0m[HTTP]&amp#27;[0m &amp#27;[37m<-- POST /session/7ff28d8e-c005-441b-a183-5c8556aeefae/element &amp#27;[39m&amp#27;[32m200&amp#27;[39m &amp#27;[90m81 ms - 137&amp#27;[39m
&amp#27;[38;5;0m[HTTP]&amp#27;[0m &amp#27;[90m&amp#27;[39m
&amp#27;[38;5;0m[HTTP]&amp#27;[0m &amp#27;[37m-->&amp#27;[39m &amp#27;[37mPOST&amp#27;[39m &amp#27;[37m/session/7ff28d8e-c005-441b-a183-5c8556aeefae/element/00000000-0000-000b-ffff-ffff00000021/click&amp#27;[39m
&amp#27;[38;5;0m[HTTP]&amp#27;[0m &amp#27;[90m{"id":"00000000-0000-000b-ffff-ffff00000021"}&amp#27;[39m
&amp#27;[38;5;32m[AndroidUiautomator2Driver@5f83 (7ff28d8e)]&amp#27;[0m Calling AppiumDriver.click() with args: ["00000000-0000-000b-ffff-ffff00000021","7ff28d8e-c005-441b-a183-5c8556aeefae"]
&amp#27;[38;5;32m[AndroidUiautomator2Driver@5f83 (7ff28d8e)]&amp#27;[0m Matched '/element/00000000-0000-000b-ffff-ffff00000021/click' to command name 'click'
&amp#27;[38;5;32m[AndroidUiautomator2Driver@5f83 (7ff28d8e)]&amp#27;[0m Proxying [POST /element/00000000-0000-000b-ffff-ffff00000021/click] to [POST http://127.0.0.1:8201/session/7cfc23a4-5c63-4197-8a21-0080b563bd3e/element/00000000-0000-000b-ffff-ffff00000021/click] with body: {"element":"00000000-0000-000b-ffff-ffff00000021"}
&amp#27;[38;5;32m[AndroidUiautomator2Driver@5f83 (7ff28d8e)]&amp#27;[0m Got response with status 200: {"sessionId":"7cfc23a4-5c63-4197-8a21-0080b563bd3e","value":null}
&amp#27;[38;5;32m[AndroidUiautomator2Driver@5f83 (7ff28d8e)]&amp#27;[0m Responding to client with driver.click() result: null
&amp#27;[38;5;0m[HTTP]&amp#27;[0m &amp#27;[37m<-- POST /session/7ff28d8e-c005-441b-a183-5c8556aeefae/element/00000000-0000-000b-ffff-ffff00000021/click &amp#27;[39m&amp#27;[32m200&amp#27;[39m &amp#27;[90m460 ms - 14&amp#27;[39m
&amp#27;[38;5;0m[HTTP]&amp#27;[0m &amp#27;[90m&amp#27;[39m
&amp#27;[38;5;0m[HTTP]&amp#27;[0m &amp#27;[37m-->&amp#27;[39m &amp#27;[37mGET&amp#27;[39m &amp#27;[37m/session/7ff28d8e-c005-441b-a183-5c8556aeefae/context&amp#27;[39m
&amp#27;[38;5;0m[HTTP]&amp#27;[0m &amp#27;[90m{}&amp#27;[39m
&amp#27;[38;5;32m[AndroidUiautomator2Driver@5f83 (7ff28d8e)]&amp#27;[0m Calling AppiumDriver.getCurrentContext() with args: ["7ff28d8e-c005-441b-a183-5c8556aeefae"]
&amp#27;[38;5;32m[AndroidUiautomator2Driver@5f83 (7ff28d8e)]&amp#27;[0m Responding to client with driver.getCurrentContext() result: "NATIVE_APP"
&amp#27;[38;5;0m[HTTP]&amp#27;[0m &amp#27;[37m<-- GET /session/7ff28d8e-c005-441b-a183-5c8556aeefae/context &amp#27;[39m&amp#27;[32m200&amp#27;[39m &amp#27;[90m1 ms - 22&amp#27;[39m
&amp#27;[38;5;0m[HTTP]&amp#27;[0m &amp#27;[90m&amp#27;[39m
&amp#27;[38;5;0m[HTTP]&amp#27;[0m &amp#27;[37m-->&amp#27;[39m &amp#27;[37mPOST&amp#27;[39m &amp#27;[37m/session/7ff28d8e-c005-441b-a183-5c8556aeefae/element&amp#27;[39m
&amp#27;[38;5;0m[HTTP]&amp#27;[0m &amp#27;[90m{"using":"xpath","value":"//android.widget.Toast"}&amp#27;[39m
&amp#27;[38;5;32m[AndroidUiautomator2Driver@5f83 (7ff28d8e)]&amp#27;[0m Calling AppiumDriver.findElement() with args: ["xpath","//android.widget.Toast","7ff28d8e-c005-441b-a183-5c8556aeefae"]
&amp#27;[38;5;32m[AndroidUiautomator2Driver@5f83 (7ff28d8e)]&amp#27;[0m Valid locator strategies for this request: xpath, id, class name, accessibility id, css selector, -android uiautomator
&amp#27;[38;5;32m[AndroidUiautomator2Driver@5f83 (7ff28d8e)]&amp#27;[0m Waiting up to 15000 ms for condition
&amp#27;[38;5;32m[AndroidUiautomator2Driver@5f83 (7ff28d8e)]&amp#27;[0m Matched '/element' to command name 'findElement'
&amp#27;[38;5;32m[AndroidUiautomator2Driver@5f83 (7ff28d8e)]&amp#27;[0m Proxying [POST /element] to [POST http://127.0.0.1:8201/session/7cfc23a4-5c63-4197-8a21-0080b563bd3e/element] with body: {"strategy":"xpath","selector":"//android.widget.Toast","context":"","multiple":false}
&amp#27;[38;5;32m[AndroidUiautomator2Driver@5f83 (7ff28d8e)]&amp#27;[0m Got response with status 200: {"sessionId":"7cfc23a4-5c63-4197-8a21-0080b563bd3e","value":{"ELEMENT":"45253d55-1770-4140-8061-9799450674da","element-6066-11e4-a52e-4f735466cecf":"45253d55-1770-4140-8061-9799450674da"}}
&amp#27;[38;5;32m[AndroidUiautomator2Driver@5f83 (7ff28d8e)]&amp#27;[0m Responding to client with driver.findElement() result: {"element-6066-11e4-a52e-4f735466cecf":"45253d55-1770-4140-8061-9799450674da","ELEMENT":"45253d55-1770-4140-8061-9799450674da"}
&amp#27;[38;5;0m[HTTP]&amp#27;[0m &amp#27;[37m<-- POST /session/7ff28d8e-c005-441b-a183-5c8556aeefae/element &amp#27;[39m&amp#27;[32m200&amp#27;[39m &amp#27;[90m83 ms - 137&amp#27;[39m
&amp#27;[38;5;0m[HTTP]&amp#27;[0m &amp#27;[90m&amp#27;[39m
&amp#27;[38;5;0m[HTTP]&amp#27;[0m &amp#27;[37m-->&amp#27;[39m &amp#27;[37mGET&amp#27;[39m &amp#27;[37m/session/7ff28d8e-c005-441b-a183-5c8556aeefae/element/45253d55-1770-4140-8061-9799450674da/attribute/name&amp#27;[39m
&amp#27;[38;5;0m[HTTP]&amp#27;[0m &amp#27;[90m{}&amp#27;[39m
&amp#27;[38;5;32m[AndroidUiautomator2Driver@5f83 (7ff28d8e)]&amp#27;[0m Calling AppiumDriver.getAttribute() with args: ["name","45253d55-1770-4140-8061-9799450674da","7ff28d8e-c005-441b-a183-5c8556aeefae"]
&amp#27;[38;5;32m[AndroidUiautomator2Driver@5f83 (7ff28d8e)]&amp#27;[0m Matched '/element/45253d55-1770-4140-8061-9799450674da/attribute/name' to command name 'getAttribute'
&amp#27;[38;5;32m[AndroidUiautomator2Driver@5f83 (7ff28d8e)]&amp#27;[0m Proxying [GET /element/45253d55-1770-4140-8061-9799450674da/attribute/name] to [GET http://127.0.0.1:8201/session/7cfc23a4-5c63-4197-8a21-0080b563bd3e/element/45253d55-1770-4140-8061-9799450674da/attribute/name] with no body
&amp#27;[38;5;32m[AndroidUiautomator2Driver@5f83 (7ff28d8e)]&amp#27;[0m Got response with status 200: {"sessionId":"7cfc23a4-5c63-4197-8a21-0080b563bd3e","value":"Please enter your name"}
&amp#27;[38;5;32m[AndroidUiautomator2Driver@5f83 (7ff28d8e)]&amp#27;[0m Responding to client with driver.getAttribute() result: "Please enter your name"
&amp#27;[38;5;0m[HTTP]&amp#27;[0m &amp#27;[37m<-- GET /session/7ff28d8e-c005-441b-a183-5c8556aeefae/element/45253d55-1770-4140-8061-9799450674da/attribute/name &amp#27;[39m&amp#27;[32m200&amp#27;[39m &amp#27;[90m76 ms - 34&amp#27;[39m
&amp#27;[38;5;0m[HTTP]&amp#27;[0m &amp#27;[90m&amp#27;[39m
&amp#27;[38;5;0m[HTTP]&amp#27;[0m &amp#27;[37m-->&amp#27;[39m &amp#27;[37mPOST&amp#27;[39m &amp#27;[37m/session/7ff28d8e-c005-441b-a183-5c8556aeefae/execute/sync&amp#27;[39m
&amp#27;[38;5;0m[HTTP]&amp#27;[0m &amp#27;[90m{"script":"mobile: terminateApp","args":[{"bundleId":"com.androidsample.generalstore","appId":"com.androidsample.generalstore"}]}&amp#27;[39m
&amp#27;[38;5;32m[AndroidUiautomator2Driver@5f83 (7ff28d8e)]&amp#27;[0m Calling AppiumDriver.execute() with args: ["mobile: terminateApp",[{"bundleId":"com.androidsample.generalstore","appId":"com.androidsample.generalstore"}],"7ff28d8e-c005-441b-a183-5c8556aeefae"]
&amp#27;[38;5;32m[AndroidUiautomator2Driver@5f83 (7ff28d8e)]&amp#27;[0m Executing method 'mobile: terminateApp'
&amp#27;[38;5;32m[AndroidUiautomator2Driver@5f83 (7ff28d8e)]&amp#27;[0m Terminating 'com.androidsample.generalstore'
&amp#27;[38;5;64m[ADB]&amp#27;[0m Getting IDs of all 'com.androidsample.generalstore' processes
&amp#27;[38;5;64m[ADB]&amp#27;[0m Running 'C:\Users\aao\AppData\Local\Android\Sdk\platform-tools\adb.exe -P 5037 -s emulator-5554 shell pgrep -f \(\[\[:blank:\]\]\|\^\)com\.androidsample\.generalstore\(\[\[:blank:\]\]\|\$\)'
&amp#27;[38;5;64m[ADB]&amp#27;[0m Running 'C:\Users\aao\AppData\Local\Android\Sdk\platform-tools\adb.exe -P 5037 -s emulator-5554 shell am force-stop com.androidsample.generalstore'
&amp#27;[38;5;32m[AndroidUiautomator2Driver@5f83 (7ff28d8e)]&amp#27;[0m Querying the state of 'com.androidsample.generalstore'
&amp#27;[38;5;64m[ADB]&amp#27;[0m Getting install status for com.androidsample.generalstore
&amp#27;[38;5;64m[ADB]&amp#27;[0m Running 'C:\Users\aao\AppData\Local\Android\Sdk\platform-tools\adb.exe -P 5037 -s emulator-5554 shell pm path com.androidsample.generalstore'
&amp#27;[38;5;64m[ADB]&amp#27;[0m 'com.androidsample.generalstore' is installed
&amp#27;[38;5;64m[ADB]&amp#27;[0m Getting IDs of all 'com.androidsample.generalstore' processes
&amp#27;[38;5;64m[ADB]&amp#27;[0m Running 'C:\Users\aao\AppData\Local\Android\Sdk\platform-tools\adb.exe -P 5037 -s emulator-5554 shell pgrep -f \(\[\[:blank:\]\]\|\^\)com\.androidsample\.generalstore\(\[\[:blank:\]\]\|\$\)'
&amp#27;[38;5;32m[AndroidUiautomator2Driver@5f83 (7ff28d8e)]&amp#27;[0m 'com.androidsample.generalstore' has been successfully terminated
&amp#27;[38;5;32m[AndroidUiautomator2Driver@5f83 (7ff28d8e)]&amp#27;[0m Responding to client with driver.execute() result: true
&amp#27;[38;5;0m[HTTP]&amp#27;[0m &amp#27;[37m<-- POST /session/7ff28d8e-c005-441b-a183-5c8556aeefae/execute/sync &amp#27;[39m&amp#27;[32m200&amp#27;[39m &amp#27;[90m483 ms - 14&amp#27;[39m
&amp#27;[38;5;0m[HTTP]&amp#27;[0m &amp#27;[90m&amp#27;[39m
]]></system-out>
  </testcase>
</testsuite>